[0.031s] Invoking command in '/jackal_ws/src/The-Barn-Challenge-Ros2/build/jackal_helper': CMAKE_PREFIX_PATH=${CMAKE_PREFIX_PATH}:/home/boni/turtlebot3_ws/install/turtlebot3_teleop:/home/boni/turtlebot3_ws/install/turtlebot3_example:/opt/ros/jazzy DEBUGINFOD_URLS=https://debuginfod.ubuntu.com VIRTUAL_ENV_PROMPT=(venv-ardupilot) /usr/bin/cmake /jackal_ws/src/The-Barn-Challenge-Ros2/jackal_helper -DAMENT_CMAKE_SYMLINK_INSTALL=1 -DCMAKE_INSTALL_PREFIX=/jackal_ws/src/The-Barn-Challenge-Ros2/install/jackal_helper
[0.541s] -- The C compiler identification is GNU 13.3.0
[0.874s] -- The CXX compiler identification is GNU 13.3.0
[0.928s] -- Detecting C compiler ABI info
[1.137s] -- Detecting C compiler ABI info - done
[1.150s] -- Check for working C compiler: /usr/bin/cc - skipped
[1.151s] -- Detecting C compile features
[1.152s] -- Detecting C compile features - done
[1.175s] -- Detecting CXX compiler ABI info
[1.367s] -- Detecting CXX compiler ABI info - done
[1.379s] -- Check for working CXX compiler: /usr/bin/c++ - skipped
[1.380s] -- Detecting CXX compile features
[1.380s] -- Detecting CXX compile features - done
[1.413s] -- Found ament_cmake: 2.5.5 (/opt/ros/jazzy/share/ament_cmake/cmake)
[1.684s] -- Found Python3: /home/boni/venv-ardupilot/bin/python3 (found version "3.12.3") found components: Interpreter 
[1.813s] -- Override CMake install command with custom implementation using symlinks instead of copying resources
[2.070s] -- Found rclcpp: 28.1.16 (/opt/ros/jazzy/share/rclcpp/cmake)
[2.280s] -- Found rosidl_generator_c: 4.6.7 (/opt/ros/jazzy/share/rosidl_generator_c/cmake)
[2.361s] -- Found rosidl_generator_cpp: 4.6.7 (/opt/ros/jazzy/share/rosidl_generator_cpp/cmake)
[2.448s] -- Using all available rosidl_typesupport_c: rosidl_typesupport_fastrtps_c;rosidl_typesupport_introspection_c
[2.526s] -- Using all available rosidl_typesupport_cpp: rosidl_typesupport_fastrtps_cpp;rosidl_typesupport_introspection_cpp
[2.838s] -- Found rmw_implementation_cmake: 7.3.3 (/opt/ros/jazzy/share/rmw_implementation_cmake/cmake)
[2.859s] -- Found rmw_fastrtps_cpp: 8.4.3 (/opt/ros/jazzy/share/rmw_fastrtps_cpp/cmake)
[3.162s] -- Found OpenSSL: /usr/lib/x86_64-linux-gnu/libcrypto.so (found version "3.0.13")  
[3.204s] -- Found FastRTPS: /opt/ros/jazzy/include (Required is at least version "2.13") 
[3.249s] -- Using RMW implementation 'rmw_fastrtps_cpp' as default
[3.503s] -- Found rclpy: 7.1.9 (/opt/ros/jazzy/share/rclpy/cmake)
[3.519s] -- Found std_msgs: 5.3.6 (/opt/ros/jazzy/share/std_msgs/cmake)
[3.562s] -- Found nav_msgs: 5.3.6 (/opt/ros/jazzy/share/nav_msgs/cmake)
[3.670s] -- Found ros_gz_interfaces: 1.0.18 (/opt/ros/jazzy/share/ros_gz_interfaces/cmake)
[4.096s] -- Configuring done (3.9s)
[4.106s] -- Generating done (0.0s)
[4.110s] -- Build files have been written to: /jackal_ws/src/The-Barn-Challenge-Ros2/build/jackal_helper
[4.125s] Invoked command in '/jackal_ws/src/The-Barn-Challenge-Ros2/build/jackal_helper' returned '0': CMAKE_PREFIX_PATH=${CMAKE_PREFIX_PATH}:/home/boni/turtlebot3_ws/install/turtlebot3_teleop:/home/boni/turtlebot3_ws/install/turtlebot3_example:/opt/ros/jazzy DEBUGINFOD_URLS=https://debuginfod.ubuntu.com VIRTUAL_ENV_PROMPT=(venv-ardupilot) /usr/bin/cmake /jackal_ws/src/The-Barn-Challenge-Ros2/jackal_helper -DAMENT_CMAKE_SYMLINK_INSTALL=1 -DCMAKE_INSTALL_PREFIX=/jackal_ws/src/The-Barn-Challenge-Ros2/install/jackal_helper
[4.127s] Invoking command in '/jackal_ws/src/The-Barn-Challenge-Ros2/build/jackal_helper': CMAKE_PREFIX_PATH=${CMAKE_PREFIX_PATH}:/home/boni/turtlebot3_ws/install/turtlebot3_teleop:/home/boni/turtlebot3_ws/install/turtlebot3_example:/opt/ros/jazzy DEBUGINFOD_URLS=https://debuginfod.ubuntu.com VIRTUAL_ENV_PROMPT=(venv-ardupilot) /usr/bin/cmake --build /jackal_ws/src/The-Barn-Challenge-Ros2/build/jackal_helper -- -j16 -l16
[4.251s] Built target ament_cmake_python_symlink_jackal_helper
[4.660s] running egg_info
[4.692s] creating jackal_helper.egg-info
[4.692s] writing jackal_helper.egg-info/PKG-INFO
[4.692s] writing dependency_links to jackal_helper.egg-info/dependency_links.txt
[4.693s] writing top-level names to jackal_helper.egg-info/top_level.txt
[4.693s] writing manifest file 'jackal_helper.egg-info/SOURCES.txt'
[4.785s] reading manifest file 'jackal_helper.egg-info/SOURCES.txt'
[4.785s] writing manifest file 'jackal_helper.egg-info/SOURCES.txt'
[4.850s] Built target ament_cmake_python_build_jackal_helper_egg
[4.874s] Invoked command in '/jackal_ws/src/The-Barn-Challenge-Ros2/build/jackal_helper' returned '0': CMAKE_PREFIX_PATH=${CMAKE_PREFIX_PATH}:/home/boni/turtlebot3_ws/install/turtlebot3_teleop:/home/boni/turtlebot3_ws/install/turtlebot3_example:/opt/ros/jazzy DEBUGINFOD_URLS=https://debuginfod.ubuntu.com VIRTUAL_ENV_PROMPT=(venv-ardupilot) /usr/bin/cmake --build /jackal_ws/src/The-Barn-Challenge-Ros2/build/jackal_helper -- -j16 -l16
[4.895s] Invoking command in '/jackal_ws/src/The-Barn-Challenge-Ros2/build/jackal_helper': CMAKE_PREFIX_PATH=${CMAKE_PREFIX_PATH}:/home/boni/turtlebot3_ws/install/turtlebot3_teleop:/home/boni/turtlebot3_ws/install/turtlebot3_example:/opt/ros/jazzy DEBUGINFOD_URLS=https://debuginfod.ubuntu.com VIRTUAL_ENV_PROMPT=(venv-ardupilot) /usr/bin/cmake --install /jackal_ws/src/The-Barn-Challenge-Ros2/build/jackal_helper
[4.913s] -- Install configuration: ""
[4.913s] -- Execute custom install script
[4.914s] -- Symlinking: /jackal_ws/src/The-Barn-Challenge-Ros2/install/jackal_helper/share/jackal_helper/environment/pythonpath.sh
[4.937s] -- Symlinking: /jackal_ws/src/The-Barn-Challenge-Ros2/install/jackal_helper/share/jackal_helper/environment/pythonpath.dsv
[4.955s] -- Symlinking: /jackal_ws/src/The-Barn-Challenge-Ros2/install/jackal_helper/lib/python3.12/site-packages/jackal_helper-0.0.0-py3.12.egg-info/PKG-INFO
[4.974s] -- Symlinking: /jackal_ws/src/The-Barn-Challenge-Ros2/install/jackal_helper/lib/python3.12/site-packages/jackal_helper-0.0.0-py3.12.egg-info/SOURCES.txt
[4.994s] -- Symlinking: /jackal_ws/src/The-Barn-Challenge-Ros2/install/jackal_helper/lib/python3.12/site-packages/jackal_helper-0.0.0-py3.12.egg-info/dependency_links.txt
[5.011s] -- Symlinking: /jackal_ws/src/The-Barn-Challenge-Ros2/install/jackal_helper/lib/python3.12/site-packages/jackal_helper-0.0.0-py3.12.egg-info/top_level.txt
[5.028s] -- Symlinking: /jackal_ws/src/The-Barn-Challenge-Ros2/install/jackal_helper/lib/python3.12/site-packages/jackal_helper/__init__.py
[5.046s] -- Symlinking: /jackal_ws/src/The-Barn-Challenge-Ros2/install/jackal_helper/lib/python3.12/site-packages/jackal_helper/barn_controller.py
[5.063s] -- Symlinking: /jackal_ws/src/The-Barn-Challenge-Ros2/install/jackal_helper/lib/python3.12/site-packages/jackal_helper/utils.py
[5.081s] -- Symlinking: /jackal_ws/src/The-Barn-Challenge-Ros2/install/jackal_helper/lib/jackal_helper/gazebo_simulation.py
[5.098s] -- Symlinking: /jackal_ws/src/The-Barn-Challenge-Ros2/install/jackal_helper/lib/jackal_helper/barn_runner.py
[5.116s] -- Symlinking: /jackal_ws/src/The-Barn-Challenge-Ros2/install/jackal_helper/lib/jackal_helper/barn_controller.py
[5.135s] -- Symlinking: /jackal_ws/src/The-Barn-Challenge-Ros2/install/jackal_helper/share/jackal_helper/config/gui.config
[5.153s] -- Symlinking: /jackal_ws/src/The-Barn-Challenge-Ros2/install/jackal_helper/share/jackal_helper/config/manipulators/config/moveit.yaml
[5.173s] -- Symlinking: /jackal_ws/src/The-Barn-Challenge-Ros2/install/jackal_helper/share/jackal_helper/config/manipulators/launch/manipulators-service.launch.py
[5.197s] -- Symlinking: /jackal_ws/src/The-Barn-Challenge-Ros2/install/jackal_helper/share/jackal_helper/config/nav2.yaml
[5.215s] -- Symlinking: /jackal_ws/src/The-Barn-Challenge-Ros2/install/jackal_helper/share/jackal_helper/config/platform/config/control.yaml
[5.230s] -- Symlinking: /jackal_ws/src/The-Barn-Challenge-Ros2/install/jackal_helper/share/jackal_helper/config/platform/config/diagnostic_aggregator.yaml
[5.250s] -- Symlinking: /jackal_ws/src/The-Barn-Challenge-Ros2/install/jackal_helper/share/jackal_helper/config/platform/config/diagnostic_updater.yaml
[5.267s] -- Symlinking: /jackal_ws/src/The-Barn-Challenge-Ros2/install/jackal_helper/share/jackal_helper/config/platform/config/foxglove_bridge.yaml
[5.285s] -- Symlinking: /jackal_ws/src/The-Barn-Challenge-Ros2/install/jackal_helper/share/jackal_helper/config/platform/config/imu_filter.yaml
[5.307s] -- Symlinking: /jackal_ws/src/The-Barn-Challenge-Ros2/install/jackal_helper/share/jackal_helper/config/platform/config/localization.yaml
[5.324s] -- Symlinking: /jackal_ws/src/The-Barn-Challenge-Ros2/install/jackal_helper/share/jackal_helper/config/platform/config/teleop_interactive_markers.yaml
[5.348s] -- Symlinking: /jackal_ws/src/The-Barn-Challenge-Ros2/install/jackal_helper/share/jackal_helper/config/platform/config/teleop_joy.yaml
[5.368s] -- Symlinking: /jackal_ws/src/The-Barn-Challenge-Ros2/install/jackal_helper/share/jackal_helper/config/platform/config/twist_mux.yaml
[5.387s] -- Symlinking: /jackal_ws/src/The-Barn-Challenge-Ros2/install/jackal_helper/share/jackal_helper/config/platform/launch/__pycache__/platform-service.launch.cpython-312.pyc
[5.405s] -- Symlinking: /jackal_ws/src/The-Barn-Challenge-Ros2/install/jackal_helper/share/jackal_helper/config/platform/launch/platform-service.launch.py
[5.421s] -- Symlinking: /jackal_ws/src/The-Barn-Challenge-Ros2/install/jackal_helper/share/jackal_helper/config/robot.srdf
[5.440s] -- Symlinking: /jackal_ws/src/The-Barn-Challenge-Ros2/install/jackal_helper/share/jackal_helper/config/robot.srdf.xacro
[5.458s] -- Symlinking: /jackal_ws/src/The-Barn-Challenge-Ros2/install/jackal_helper/share/jackal_helper/config/robot.urdf.xacro
[5.476s] -- Symlinking: /jackal_ws/src/The-Barn-Challenge-Ros2/install/jackal_helper/share/jackal_helper/config/robot.yaml
[5.494s] -- Symlinking: /jackal_ws/src/The-Barn-Challenge-Ros2/install/jackal_helper/share/jackal_helper/config/sensors/config/gps_0.yaml
[5.512s] -- Symlinking: /jackal_ws/src/The-Barn-Challenge-Ros2/install/jackal_helper/share/jackal_helper/config/sensors/config/imu_0.yaml
[5.528s] -- Symlinking: /jackal_ws/src/The-Barn-Challenge-Ros2/install/jackal_helper/share/jackal_helper/config/sensors/config/lidar2d_0.yaml
[5.547s] -- Symlinking: /jackal_ws/src/The-Barn-Challenge-Ros2/install/jackal_helper/share/jackal_helper/config/sensors/config/lidar2d_1.yaml
[5.572s] -- Symlinking: /jackal_ws/src/The-Barn-Challenge-Ros2/install/jackal_helper/share/jackal_helper/config/sensors/config/lidar3d_0.yaml
[5.590s] -- Symlinking: /jackal_ws/src/The-Barn-Challenge-Ros2/install/jackal_helper/share/jackal_helper/config/sensors/launch/__pycache__/lidar2d_0.launch.cpython-312.pyc
[5.608s] -- Symlinking: /jackal_ws/src/The-Barn-Challenge-Ros2/install/jackal_helper/share/jackal_helper/config/sensors/launch/__pycache__/lidar2d_1.launch.cpython-312.pyc
[5.627s] -- Symlinking: /jackal_ws/src/The-Barn-Challenge-Ros2/install/jackal_helper/share/jackal_helper/config/sensors/launch/__pycache__/lidar3d_0.launch.cpython-312.pyc
[5.645s] -- Symlinking: /jackal_ws/src/The-Barn-Challenge-Ros2/install/jackal_helper/share/jackal_helper/config/sensors/launch/__pycache__/sensors-service.launch.cpython-312.pyc
[5.666s] -- Symlinking: /jackal_ws/src/The-Barn-Challenge-Ros2/install/jackal_helper/share/jackal_helper/config/sensors/launch/lidar2d_0.launch.py
[5.684s] -- Symlinking: /jackal_ws/src/The-Barn-Challenge-Ros2/install/jackal_helper/share/jackal_helper/config/sensors/launch/lidar2d_1.launch.py
[5.703s] -- Symlinking: /jackal_ws/src/The-Barn-Challenge-Ros2/install/jackal_helper/share/jackal_helper/config/sensors/launch/lidar3d_0.launch.py
[5.724s] -- Symlinking: /jackal_ws/src/The-Barn-Challenge-Ros2/install/jackal_helper/share/jackal_helper/config/sensors/launch/sensors-service.launch.py
[5.739s] -- Symlinking: /jackal_ws/src/The-Barn-Challenge-Ros2/install/jackal_helper/share/jackal_helper/launch/BARN_runner.launch.py
[5.757s] -- Symlinking: /jackal_ws/src/The-Barn-Challenge-Ros2/install/jackal_helper/share/jackal_helper/launch/__pycache__/BARN_runner.launch.cpython-312.pyc
[5.779s] -- Symlinking: /jackal_ws/src/The-Barn-Challenge-Ros2/install/jackal_helper/share/jackal_helper/launch/nav2_bringup.launch.py
[5.813s] -- Symlinking: /jackal_ws/src/The-Barn-Challenge-Ros2/install/jackal_helper/share/jackal_helper/worlds/BARN/path_files/path_0.npy
[5.832s] -- Symlinking: /jackal_ws/src/The-Barn-Challenge-Ros2/install/jackal_helper/share/jackal_helper/worlds/BARN/path_files/path_1.npy
[5.851s] -- Symlinking: /jackal_ws/src/The-Barn-Challenge-Ros2/install/jackal_helper/share/jackal_helper/worlds/BARN/path_files/path_10.npy
[5.870s] -- Symlinking: /jackal_ws/src/The-Barn-Challenge-Ros2/install/jackal_helper/share/jackal_helper/worlds/BARN/path_files/path_100.npy
[5.888s] -- Symlinking: /jackal_ws/src/The-Barn-Challenge-Ros2/install/jackal_helper/share/jackal_helper/worlds/BARN/path_files/path_101.npy
[5.907s] -- Symlinking: /jackal_ws/src/The-Barn-Challenge-Ros2/install/jackal_helper/share/jackal_helper/worlds/BARN/path_files/path_102.npy
[5.927s] -- Symlinking: /jackal_ws/src/The-Barn-Challenge-Ros2/install/jackal_helper/share/jackal_helper/worlds/BARN/path_files/path_103.npy
[5.948s] -- Symlinking: /jackal_ws/src/The-Barn-Challenge-Ros2/install/jackal_helper/share/jackal_helper/worlds/BARN/path_files/path_104.npy
[5.967s] -- Symlinking: /jackal_ws/src/The-Barn-Challenge-Ros2/install/jackal_helper/share/jackal_helper/worlds/BARN/path_files/path_105.npy
[5.983s] -- Symlinking: /jackal_ws/src/The-Barn-Challenge-Ros2/install/jackal_helper/share/jackal_helper/worlds/BARN/path_files/path_106.npy
[6.001s] -- Symlinking: /jackal_ws/src/The-Barn-Challenge-Ros2/install/jackal_helper/share/jackal_helper/worlds/BARN/path_files/path_107.npy
[6.021s] -- Symlinking: /jackal_ws/src/The-Barn-Challenge-Ros2/install/jackal_helper/share/jackal_helper/worlds/BARN/path_files/path_108.npy
[6.039s] -- Symlinking: /jackal_ws/src/The-Barn-Challenge-Ros2/install/jackal_helper/share/jackal_helper/worlds/BARN/path_files/path_109.npy
[6.057s] -- Symlinking: /jackal_ws/src/The-Barn-Challenge-Ros2/install/jackal_helper/share/jackal_helper/worlds/BARN/path_files/path_11.npy
[6.075s] -- Symlinking: /jackal_ws/src/The-Barn-Challenge-Ros2/install/jackal_helper/share/jackal_helper/worlds/BARN/path_files/path_110.npy
[6.093s] -- Symlinking: /jackal_ws/src/The-Barn-Challenge-Ros2/install/jackal_helper/share/jackal_helper/worlds/BARN/path_files/path_111.npy
[6.112s] -- Symlinking: /jackal_ws/src/The-Barn-Challenge-Ros2/install/jackal_helper/share/jackal_helper/worlds/BARN/path_files/path_112.npy
[6.128s] -- Symlinking: /jackal_ws/src/The-Barn-Challenge-Ros2/install/jackal_helper/share/jackal_helper/worlds/BARN/path_files/path_113.npy
[6.148s] -- Symlinking: /jackal_ws/src/The-Barn-Challenge-Ros2/install/jackal_helper/share/jackal_helper/worlds/BARN/path_files/path_114.npy
[6.167s] -- Symlinking: /jackal_ws/src/The-Barn-Challenge-Ros2/install/jackal_helper/share/jackal_helper/worlds/BARN/path_files/path_115.npy
[6.182s] -- Symlinking: /jackal_ws/src/The-Barn-Challenge-Ros2/install/jackal_helper/share/jackal_helper/worlds/BARN/path_files/path_116.npy
[6.200s] -- Symlinking: /jackal_ws/src/The-Barn-Challenge-Ros2/install/jackal_helper/share/jackal_helper/worlds/BARN/path_files/path_117.npy
[6.219s] -- Symlinking: /jackal_ws/src/The-Barn-Challenge-Ros2/install/jackal_helper/share/jackal_helper/worlds/BARN/path_files/path_118.npy
[6.237s] -- Symlinking: /jackal_ws/src/The-Barn-Challenge-Ros2/install/jackal_helper/share/jackal_helper/worlds/BARN/path_files/path_119.npy
[6.256s] -- Symlinking: /jackal_ws/src/The-Barn-Challenge-Ros2/install/jackal_helper/share/jackal_helper/worlds/BARN/path_files/path_12.npy
[6.275s] -- Symlinking: /jackal_ws/src/The-Barn-Challenge-Ros2/install/jackal_helper/share/jackal_helper/worlds/BARN/path_files/path_120.npy
[6.293s] -- Symlinking: /jackal_ws/src/The-Barn-Challenge-Ros2/install/jackal_helper/share/jackal_helper/worlds/BARN/path_files/path_121.npy
[6.316s] -- Symlinking: /jackal_ws/src/The-Barn-Challenge-Ros2/install/jackal_helper/share/jackal_helper/worlds/BARN/path_files/path_122.npy
[6.330s] -- Symlinking: /jackal_ws/src/The-Barn-Challenge-Ros2/install/jackal_helper/share/jackal_helper/worlds/BARN/path_files/path_123.npy
[6.348s] -- Symlinking: /jackal_ws/src/The-Barn-Challenge-Ros2/install/jackal_helper/share/jackal_helper/worlds/BARN/path_files/path_124.npy
[6.367s] -- Symlinking: /jackal_ws/src/The-Barn-Challenge-Ros2/install/jackal_helper/share/jackal_helper/worlds/BARN/path_files/path_125.npy
[6.386s] -- Symlinking: /jackal_ws/src/The-Barn-Challenge-Ros2/install/jackal_helper/share/jackal_helper/worlds/BARN/path_files/path_126.npy
[6.403s] -- Symlinking: /jackal_ws/src/The-Barn-Challenge-Ros2/install/jackal_helper/share/jackal_helper/worlds/BARN/path_files/path_127.npy
[6.418s] -- Symlinking: /jackal_ws/src/The-Barn-Challenge-Ros2/install/jackal_helper/share/jackal_helper/worlds/BARN/path_files/path_128.npy
[6.437s] -- Symlinking: /jackal_ws/src/The-Barn-Challenge-Ros2/install/jackal_helper/share/jackal_helper/worlds/BARN/path_files/path_129.npy
[6.454s] -- Symlinking: /jackal_ws/src/The-Barn-Challenge-Ros2/install/jackal_helper/share/jackal_helper/worlds/BARN/path_files/path_13.npy
[6.476s] -- Symlinking: /jackal_ws/src/The-Barn-Challenge-Ros2/install/jackal_helper/share/jackal_helper/worlds/BARN/path_files/path_130.npy
[6.496s] -- Symlinking: /jackal_ws/src/The-Barn-Challenge-Ros2/install/jackal_helper/share/jackal_helper/worlds/BARN/path_files/path_131.npy
[6.514s] -- Symlinking: /jackal_ws/src/The-Barn-Challenge-Ros2/install/jackal_helper/share/jackal_helper/worlds/BARN/path_files/path_132.npy
[6.533s] -- Symlinking: /jackal_ws/src/The-Barn-Challenge-Ros2/install/jackal_helper/share/jackal_helper/worlds/BARN/path_files/path_133.npy
[6.554s] -- Symlinking: /jackal_ws/src/The-Barn-Challenge-Ros2/install/jackal_helper/share/jackal_helper/worlds/BARN/path_files/path_134.npy
[6.572s] -- Symlinking: /jackal_ws/src/The-Barn-Challenge-Ros2/install/jackal_helper/share/jackal_helper/worlds/BARN/path_files/path_135.npy
[6.591s] -- Symlinking: /jackal_ws/src/The-Barn-Challenge-Ros2/install/jackal_helper/share/jackal_helper/worlds/BARN/path_files/path_136.npy
[6.612s] -- Symlinking: /jackal_ws/src/The-Barn-Challenge-Ros2/install/jackal_helper/share/jackal_helper/worlds/BARN/path_files/path_137.npy
[6.629s] -- Symlinking: /jackal_ws/src/The-Barn-Challenge-Ros2/install/jackal_helper/share/jackal_helper/worlds/BARN/path_files/path_138.npy
[6.649s] -- Symlinking: /jackal_ws/src/The-Barn-Challenge-Ros2/install/jackal_helper/share/jackal_helper/worlds/BARN/path_files/path_139.npy
[6.665s] -- Symlinking: /jackal_ws/src/The-Barn-Challenge-Ros2/install/jackal_helper/share/jackal_helper/worlds/BARN/path_files/path_14.npy
[6.682s] -- Symlinking: /jackal_ws/src/The-Barn-Challenge-Ros2/install/jackal_helper/share/jackal_helper/worlds/BARN/path_files/path_140.npy
[6.701s] -- Symlinking: /jackal_ws/src/The-Barn-Challenge-Ros2/install/jackal_helper/share/jackal_helper/worlds/BARN/path_files/path_141.npy
[6.720s] -- Symlinking: /jackal_ws/src/The-Barn-Challenge-Ros2/install/jackal_helper/share/jackal_helper/worlds/BARN/path_files/path_142.npy
[6.740s] -- Symlinking: /jackal_ws/src/The-Barn-Challenge-Ros2/install/jackal_helper/share/jackal_helper/worlds/BARN/path_files/path_143.npy
[6.759s] -- Symlinking: /jackal_ws/src/The-Barn-Challenge-Ros2/install/jackal_helper/share/jackal_helper/worlds/BARN/path_files/path_144.npy
[6.777s] -- Symlinking: /jackal_ws/src/The-Barn-Challenge-Ros2/install/jackal_helper/share/jackal_helper/worlds/BARN/path_files/path_145.npy
[6.800s] -- Symlinking: /jackal_ws/src/The-Barn-Challenge-Ros2/install/jackal_helper/share/jackal_helper/worlds/BARN/path_files/path_146.npy
[6.821s] -- Symlinking: /jackal_ws/src/The-Barn-Challenge-Ros2/install/jackal_helper/share/jackal_helper/worlds/BARN/path_files/path_147.npy
[6.840s] -- Symlinking: /jackal_ws/src/The-Barn-Challenge-Ros2/install/jackal_helper/share/jackal_helper/worlds/BARN/path_files/path_148.npy
[6.857s] -- Symlinking: /jackal_ws/src/The-Barn-Challenge-Ros2/install/jackal_helper/share/jackal_helper/worlds/BARN/path_files/path_149.npy
[6.876s] -- Symlinking: /jackal_ws/src/The-Barn-Challenge-Ros2/install/jackal_helper/share/jackal_helper/worlds/BARN/path_files/path_15.npy
[6.895s] -- Symlinking: /jackal_ws/src/The-Barn-Challenge-Ros2/install/jackal_helper/share/jackal_helper/worlds/BARN/path_files/path_150.npy
[6.914s] -- Symlinking: /jackal_ws/src/The-Barn-Challenge-Ros2/install/jackal_helper/share/jackal_helper/worlds/BARN/path_files/path_151.npy
[6.934s] -- Symlinking: /jackal_ws/src/The-Barn-Challenge-Ros2/install/jackal_helper/share/jackal_helper/worlds/BARN/path_files/path_152.npy
[6.955s] -- Symlinking: /jackal_ws/src/The-Barn-Challenge-Ros2/install/jackal_helper/share/jackal_helper/worlds/BARN/path_files/path_153.npy
[6.975s] -- Symlinking: /jackal_ws/src/The-Barn-Challenge-Ros2/install/jackal_helper/share/jackal_helper/worlds/BARN/path_files/path_154.npy
[6.995s] -- Symlinking: /jackal_ws/src/The-Barn-Challenge-Ros2/install/jackal_helper/share/jackal_helper/worlds/BARN/path_files/path_155.npy
[7.013s] -- Symlinking: /jackal_ws/src/The-Barn-Challenge-Ros2/install/jackal_helper/share/jackal_helper/worlds/BARN/path_files/path_156.npy
[7.030s] -- Symlinking: /jackal_ws/src/The-Barn-Challenge-Ros2/install/jackal_helper/share/jackal_helper/worlds/BARN/path_files/path_157.npy
[7.049s] -- Symlinking: /jackal_ws/src/The-Barn-Challenge-Ros2/install/jackal_helper/share/jackal_helper/worlds/BARN/path_files/path_158.npy
[7.064s] -- Symlinking: /jackal_ws/src/The-Barn-Challenge-Ros2/install/jackal_helper/share/jackal_helper/worlds/BARN/path_files/path_159.npy
[7.083s] -- Symlinking: /jackal_ws/src/The-Barn-Challenge-Ros2/install/jackal_helper/share/jackal_helper/worlds/BARN/path_files/path_16.npy
[7.101s] -- Symlinking: /jackal_ws/src/The-Barn-Challenge-Ros2/install/jackal_helper/share/jackal_helper/worlds/BARN/path_files/path_160.npy
[7.118s] -- Symlinking: /jackal_ws/src/The-Barn-Challenge-Ros2/install/jackal_helper/share/jackal_helper/worlds/BARN/path_files/path_161.npy
[7.137s] -- Symlinking: /jackal_ws/src/The-Barn-Challenge-Ros2/install/jackal_helper/share/jackal_helper/worlds/BARN/path_files/path_162.npy
[7.155s] -- Symlinking: /jackal_ws/src/The-Barn-Challenge-Ros2/install/jackal_helper/share/jackal_helper/worlds/BARN/path_files/path_163.npy
[7.173s] -- Symlinking: /jackal_ws/src/The-Barn-Challenge-Ros2/install/jackal_helper/share/jackal_helper/worlds/BARN/path_files/path_164.npy
[7.192s] -- Symlinking: /jackal_ws/src/The-Barn-Challenge-Ros2/install/jackal_helper/share/jackal_helper/worlds/BARN/path_files/path_165.npy
[7.212s] -- Symlinking: /jackal_ws/src/The-Barn-Challenge-Ros2/install/jackal_helper/share/jackal_helper/worlds/BARN/path_files/path_166.npy
[7.229s] -- Symlinking: /jackal_ws/src/The-Barn-Challenge-Ros2/install/jackal_helper/share/jackal_helper/worlds/BARN/path_files/path_167.npy
[7.249s] -- Symlinking: /jackal_ws/src/The-Barn-Challenge-Ros2/install/jackal_helper/share/jackal_helper/worlds/BARN/path_files/path_168.npy
[7.267s] -- Symlinking: /jackal_ws/src/The-Barn-Challenge-Ros2/install/jackal_helper/share/jackal_helper/worlds/BARN/path_files/path_169.npy
[7.285s] -- Symlinking: /jackal_ws/src/The-Barn-Challenge-Ros2/install/jackal_helper/share/jackal_helper/worlds/BARN/path_files/path_17.npy
[7.304s] -- Symlinking: /jackal_ws/src/The-Barn-Challenge-Ros2/install/jackal_helper/share/jackal_helper/worlds/BARN/path_files/path_170.npy
[7.321s] -- Symlinking: /jackal_ws/src/The-Barn-Challenge-Ros2/install/jackal_helper/share/jackal_helper/worlds/BARN/path_files/path_171.npy
[7.338s] -- Symlinking: /jackal_ws/src/The-Barn-Challenge-Ros2/install/jackal_helper/share/jackal_helper/worlds/BARN/path_files/path_172.npy
[7.357s] -- Symlinking: /jackal_ws/src/The-Barn-Challenge-Ros2/install/jackal_helper/share/jackal_helper/worlds/BARN/path_files/path_173.npy
[7.376s] -- Symlinking: /jackal_ws/src/The-Barn-Challenge-Ros2/install/jackal_helper/share/jackal_helper/worlds/BARN/path_files/path_174.npy
[7.395s] -- Symlinking: /jackal_ws/src/The-Barn-Challenge-Ros2/install/jackal_helper/share/jackal_helper/worlds/BARN/path_files/path_175.npy
[7.417s] -- Symlinking: /jackal_ws/src/The-Barn-Challenge-Ros2/install/jackal_helper/share/jackal_helper/worlds/BARN/path_files/path_176.npy
[7.435s] -- Symlinking: /jackal_ws/src/The-Barn-Challenge-Ros2/install/jackal_helper/share/jackal_helper/worlds/BARN/path_files/path_177.npy
[7.456s] -- Symlinking: /jackal_ws/src/The-Barn-Challenge-Ros2/install/jackal_helper/share/jackal_helper/worlds/BARN/path_files/path_178.npy
[7.477s] -- Symlinking: /jackal_ws/src/The-Barn-Challenge-Ros2/install/jackal_helper/share/jackal_helper/worlds/BARN/path_files/path_179.npy
[7.496s] -- Symlinking: /jackal_ws/src/The-Barn-Challenge-Ros2/install/jackal_helper/share/jackal_helper/worlds/BARN/path_files/path_18.npy
[7.512s] -- Symlinking: /jackal_ws/src/The-Barn-Challenge-Ros2/install/jackal_helper/share/jackal_helper/worlds/BARN/path_files/path_180.npy
[7.530s] -- Symlinking: /jackal_ws/src/The-Barn-Challenge-Ros2/install/jackal_helper/share/jackal_helper/worlds/BARN/path_files/path_181.npy
[7.550s] -- Symlinking: /jackal_ws/src/The-Barn-Challenge-Ros2/install/jackal_helper/share/jackal_helper/worlds/BARN/path_files/path_182.npy
[7.568s] -- Symlinking: /jackal_ws/src/The-Barn-Challenge-Ros2/install/jackal_helper/share/jackal_helper/worlds/BARN/path_files/path_183.npy
[7.587s] -- Symlinking: /jackal_ws/src/The-Barn-Challenge-Ros2/install/jackal_helper/share/jackal_helper/worlds/BARN/path_files/path_184.npy
[7.607s] -- Symlinking: /jackal_ws/src/The-Barn-Challenge-Ros2/install/jackal_helper/share/jackal_helper/worlds/BARN/path_files/path_185.npy
[7.626s] -- Symlinking: /jackal_ws/src/The-Barn-Challenge-Ros2/install/jackal_helper/share/jackal_helper/worlds/BARN/path_files/path_186.npy
[7.646s] -- Symlinking: /jackal_ws/src/The-Barn-Challenge-Ros2/install/jackal_helper/share/jackal_helper/worlds/BARN/path_files/path_187.npy
[7.663s] -- Symlinking: /jackal_ws/src/The-Barn-Challenge-Ros2/install/jackal_helper/share/jackal_helper/worlds/BARN/path_files/path_188.npy
[7.682s] -- Symlinking: /jackal_ws/src/The-Barn-Challenge-Ros2/install/jackal_helper/share/jackal_helper/worlds/BARN/path_files/path_189.npy
[7.700s] -- Symlinking: /jackal_ws/src/The-Barn-Challenge-Ros2/install/jackal_helper/share/jackal_helper/worlds/BARN/path_files/path_19.npy
[7.718s] -- Symlinking: /jackal_ws/src/The-Barn-Challenge-Ros2/install/jackal_helper/share/jackal_helper/worlds/BARN/path_files/path_190.npy
[7.738s] -- Symlinking: /jackal_ws/src/The-Barn-Challenge-Ros2/install/jackal_helper/share/jackal_helper/worlds/BARN/path_files/path_191.npy
[7.757s] -- Symlinking: /jackal_ws/src/The-Barn-Challenge-Ros2/install/jackal_helper/share/jackal_helper/worlds/BARN/path_files/path_192.npy
[7.776s] -- Symlinking: /jackal_ws/src/The-Barn-Challenge-Ros2/install/jackal_helper/share/jackal_helper/worlds/BARN/path_files/path_193.npy
[7.796s] -- Symlinking: /jackal_ws/src/The-Barn-Challenge-Ros2/install/jackal_helper/share/jackal_helper/worlds/BARN/path_files/path_194.npy
[7.813s] -- Symlinking: /jackal_ws/src/The-Barn-Challenge-Ros2/install/jackal_helper/share/jackal_helper/worlds/BARN/path_files/path_195.npy
[7.833s] -- Symlinking: /jackal_ws/src/The-Barn-Challenge-Ros2/install/jackal_helper/share/jackal_helper/worlds/BARN/path_files/path_196.npy
[7.853s] -- Symlinking: /jackal_ws/src/The-Barn-Challenge-Ros2/install/jackal_helper/share/jackal_helper/worlds/BARN/path_files/path_197.npy
[7.872s] -- Symlinking: /jackal_ws/src/The-Barn-Challenge-Ros2/install/jackal_helper/share/jackal_helper/worlds/BARN/path_files/path_198.npy
[7.890s] -- Symlinking: /jackal_ws/src/The-Barn-Challenge-Ros2/install/jackal_helper/share/jackal_helper/worlds/BARN/path_files/path_199.npy
[7.910s] -- Symlinking: /jackal_ws/src/The-Barn-Challenge-Ros2/install/jackal_helper/share/jackal_helper/worlds/BARN/path_files/path_2.npy
[7.929s] -- Symlinking: /jackal_ws/src/The-Barn-Challenge-Ros2/install/jackal_helper/share/jackal_helper/worlds/BARN/path_files/path_20.npy
[7.948s] -- Symlinking: /jackal_ws/src/The-Barn-Challenge-Ros2/install/jackal_helper/share/jackal_helper/worlds/BARN/path_files/path_200.npy
[7.971s] -- Symlinking: /jackal_ws/src/The-Barn-Challenge-Ros2/install/jackal_helper/share/jackal_helper/worlds/BARN/path_files/path_201.npy
[7.991s] -- Symlinking: /jackal_ws/src/The-Barn-Challenge-Ros2/install/jackal_helper/share/jackal_helper/worlds/BARN/path_files/path_202.npy
[8.008s] -- Symlinking: /jackal_ws/src/The-Barn-Challenge-Ros2/install/jackal_helper/share/jackal_helper/worlds/BARN/path_files/path_203.npy
[8.025s] -- Symlinking: /jackal_ws/src/The-Barn-Challenge-Ros2/install/jackal_helper/share/jackal_helper/worlds/BARN/path_files/path_204.npy
[8.045s] -- Symlinking: /jackal_ws/src/The-Barn-Challenge-Ros2/install/jackal_helper/share/jackal_helper/worlds/BARN/path_files/path_205.npy
[8.062s] -- Symlinking: /jackal_ws/src/The-Barn-Challenge-Ros2/install/jackal_helper/share/jackal_helper/worlds/BARN/path_files/path_206.npy
[8.081s] -- Symlinking: /jackal_ws/src/The-Barn-Challenge-Ros2/install/jackal_helper/share/jackal_helper/worlds/BARN/path_files/path_207.npy
[8.097s] -- Symlinking: /jackal_ws/src/The-Barn-Challenge-Ros2/install/jackal_helper/share/jackal_helper/worlds/BARN/path_files/path_208.npy
[8.114s] -- Symlinking: /jackal_ws/src/The-Barn-Challenge-Ros2/install/jackal_helper/share/jackal_helper/worlds/BARN/path_files/path_209.npy
[8.132s] -- Symlinking: /jackal_ws/src/The-Barn-Challenge-Ros2/install/jackal_helper/share/jackal_helper/worlds/BARN/path_files/path_21.npy
[8.149s] -- Symlinking: /jackal_ws/src/The-Barn-Challenge-Ros2/install/jackal_helper/share/jackal_helper/worlds/BARN/path_files/path_210.npy
[8.166s] -- Symlinking: /jackal_ws/src/The-Barn-Challenge-Ros2/install/jackal_helper/share/jackal_helper/worlds/BARN/path_files/path_211.npy
[8.183s] -- Symlinking: /jackal_ws/src/The-Barn-Challenge-Ros2/install/jackal_helper/share/jackal_helper/worlds/BARN/path_files/path_212.npy
[8.201s] -- Symlinking: /jackal_ws/src/The-Barn-Challenge-Ros2/install/jackal_helper/share/jackal_helper/worlds/BARN/path_files/path_213.npy
[8.219s] -- Symlinking: /jackal_ws/src/The-Barn-Challenge-Ros2/install/jackal_helper/share/jackal_helper/worlds/BARN/path_files/path_214.npy
[8.238s] -- Symlinking: /jackal_ws/src/The-Barn-Challenge-Ros2/install/jackal_helper/share/jackal_helper/worlds/BARN/path_files/path_215.npy
[8.256s] -- Symlinking: /jackal_ws/src/The-Barn-Challenge-Ros2/install/jackal_helper/share/jackal_helper/worlds/BARN/path_files/path_216.npy
[8.275s] -- Symlinking: /jackal_ws/src/The-Barn-Challenge-Ros2/install/jackal_helper/share/jackal_helper/worlds/BARN/path_files/path_217.npy
[8.294s] -- Symlinking: /jackal_ws/src/The-Barn-Challenge-Ros2/install/jackal_helper/share/jackal_helper/worlds/BARN/path_files/path_218.npy
[8.312s] -- Symlinking: /jackal_ws/src/The-Barn-Challenge-Ros2/install/jackal_helper/share/jackal_helper/worlds/BARN/path_files/path_219.npy
[8.330s] -- Symlinking: /jackal_ws/src/The-Barn-Challenge-Ros2/install/jackal_helper/share/jackal_helper/worlds/BARN/path_files/path_22.npy
[8.350s] -- Symlinking: /jackal_ws/src/The-Barn-Challenge-Ros2/install/jackal_helper/share/jackal_helper/worlds/BARN/path_files/path_220.npy
[8.366s] -- Symlinking: /jackal_ws/src/The-Barn-Challenge-Ros2/install/jackal_helper/share/jackal_helper/worlds/BARN/path_files/path_221.npy
[8.384s] -- Symlinking: /jackal_ws/src/The-Barn-Challenge-Ros2/install/jackal_helper/share/jackal_helper/worlds/BARN/path_files/path_222.npy
[8.400s] -- Symlinking: /jackal_ws/src/The-Barn-Challenge-Ros2/install/jackal_helper/share/jackal_helper/worlds/BARN/path_files/path_223.npy
[8.416s] -- Symlinking: /jackal_ws/src/The-Barn-Challenge-Ros2/install/jackal_helper/share/jackal_helper/worlds/BARN/path_files/path_224.npy
[8.435s] -- Symlinking: /jackal_ws/src/The-Barn-Challenge-Ros2/install/jackal_helper/share/jackal_helper/worlds/BARN/path_files/path_225.npy
[8.456s] -- Symlinking: /jackal_ws/src/The-Barn-Challenge-Ros2/install/jackal_helper/share/jackal_helper/worlds/BARN/path_files/path_226.npy
[8.474s] -- Symlinking: /jackal_ws/src/The-Barn-Challenge-Ros2/install/jackal_helper/share/jackal_helper/worlds/BARN/path_files/path_227.npy
[8.492s] -- Symlinking: /jackal_ws/src/The-Barn-Challenge-Ros2/install/jackal_helper/share/jackal_helper/worlds/BARN/path_files/path_228.npy
[8.512s] -- Symlinking: /jackal_ws/src/The-Barn-Challenge-Ros2/install/jackal_helper/share/jackal_helper/worlds/BARN/path_files/path_229.npy
[8.528s] -- Symlinking: /jackal_ws/src/The-Barn-Challenge-Ros2/install/jackal_helper/share/jackal_helper/worlds/BARN/path_files/path_23.npy
[8.546s] -- Symlinking: /jackal_ws/src/The-Barn-Challenge-Ros2/install/jackal_helper/share/jackal_helper/worlds/BARN/path_files/path_230.npy
[8.567s] -- Symlinking: /jackal_ws/src/The-Barn-Challenge-Ros2/install/jackal_helper/share/jackal_helper/worlds/BARN/path_files/path_231.npy
[8.585s] -- Symlinking: /jackal_ws/src/The-Barn-Challenge-Ros2/install/jackal_helper/share/jackal_helper/worlds/BARN/path_files/path_232.npy
[8.603s] -- Symlinking: /jackal_ws/src/The-Barn-Challenge-Ros2/install/jackal_helper/share/jackal_helper/worlds/BARN/path_files/path_233.npy
[8.625s] -- Symlinking: /jackal_ws/src/The-Barn-Challenge-Ros2/install/jackal_helper/share/jackal_helper/worlds/BARN/path_files/path_234.npy
[8.642s] -- Symlinking: /jackal_ws/src/The-Barn-Challenge-Ros2/install/jackal_helper/share/jackal_helper/worlds/BARN/path_files/path_235.npy
[8.665s] -- Symlinking: /jackal_ws/src/The-Barn-Challenge-Ros2/install/jackal_helper/share/jackal_helper/worlds/BARN/path_files/path_236.npy
[8.687s] -- Symlinking: /jackal_ws/src/The-Barn-Challenge-Ros2/install/jackal_helper/share/jackal_helper/worlds/BARN/path_files/path_237.npy
[8.706s] -- Symlinking: /jackal_ws/src/The-Barn-Challenge-Ros2/install/jackal_helper/share/jackal_helper/worlds/BARN/path_files/path_238.npy
[8.725s] -- Symlinking: /jackal_ws/src/The-Barn-Challenge-Ros2/install/jackal_helper/share/jackal_helper/worlds/BARN/path_files/path_239.npy
[8.745s] -- Symlinking: /jackal_ws/src/The-Barn-Challenge-Ros2/install/jackal_helper/share/jackal_helper/worlds/BARN/path_files/path_24.npy
[8.762s] -- Symlinking: /jackal_ws/src/The-Barn-Challenge-Ros2/install/jackal_helper/share/jackal_helper/worlds/BARN/path_files/path_240.npy
[8.781s] -- Symlinking: /jackal_ws/src/The-Barn-Challenge-Ros2/install/jackal_helper/share/jackal_helper/worlds/BARN/path_files/path_241.npy
[8.803s] -- Symlinking: /jackal_ws/src/The-Barn-Challenge-Ros2/install/jackal_helper/share/jackal_helper/worlds/BARN/path_files/path_242.npy
[8.820s] -- Symlinking: /jackal_ws/src/The-Barn-Challenge-Ros2/install/jackal_helper/share/jackal_helper/worlds/BARN/path_files/path_243.npy
[8.838s] -- Symlinking: /jackal_ws/src/The-Barn-Challenge-Ros2/install/jackal_helper/share/jackal_helper/worlds/BARN/path_files/path_244.npy
[8.857s] -- Symlinking: /jackal_ws/src/The-Barn-Challenge-Ros2/install/jackal_helper/share/jackal_helper/worlds/BARN/path_files/path_245.npy
[8.875s] -- Symlinking: /jackal_ws/src/The-Barn-Challenge-Ros2/install/jackal_helper/share/jackal_helper/worlds/BARN/path_files/path_246.npy
[8.893s] -- Symlinking: /jackal_ws/src/The-Barn-Challenge-Ros2/install/jackal_helper/share/jackal_helper/worlds/BARN/path_files/path_247.npy
[8.911s] -- Symlinking: /jackal_ws/src/The-Barn-Challenge-Ros2/install/jackal_helper/share/jackal_helper/worlds/BARN/path_files/path_248.npy
[8.932s] -- Symlinking: /jackal_ws/src/The-Barn-Challenge-Ros2/install/jackal_helper/share/jackal_helper/worlds/BARN/path_files/path_249.npy
[8.951s] -- Symlinking: /jackal_ws/src/The-Barn-Challenge-Ros2/install/jackal_helper/share/jackal_helper/worlds/BARN/path_files/path_25.npy
[8.974s] -- Symlinking: /jackal_ws/src/The-Barn-Challenge-Ros2/install/jackal_helper/share/jackal_helper/worlds/BARN/path_files/path_250.npy
[8.991s] -- Symlinking: /jackal_ws/src/The-Barn-Challenge-Ros2/install/jackal_helper/share/jackal_helper/worlds/BARN/path_files/path_251.npy
[9.008s] -- Symlinking: /jackal_ws/src/The-Barn-Challenge-Ros2/install/jackal_helper/share/jackal_helper/worlds/BARN/path_files/path_252.npy
[9.025s] -- Symlinking: /jackal_ws/src/The-Barn-Challenge-Ros2/install/jackal_helper/share/jackal_helper/worlds/BARN/path_files/path_253.npy
[9.044s] -- Symlinking: /jackal_ws/src/The-Barn-Challenge-Ros2/install/jackal_helper/share/jackal_helper/worlds/BARN/path_files/path_254.npy
[9.062s] -- Symlinking: /jackal_ws/src/The-Barn-Challenge-Ros2/install/jackal_helper/share/jackal_helper/worlds/BARN/path_files/path_255.npy
[9.078s] -- Symlinking: /jackal_ws/src/The-Barn-Challenge-Ros2/install/jackal_helper/share/jackal_helper/worlds/BARN/path_files/path_256.npy
[9.094s] -- Symlinking: /jackal_ws/src/The-Barn-Challenge-Ros2/install/jackal_helper/share/jackal_helper/worlds/BARN/path_files/path_257.npy
[9.113s] -- Symlinking: /jackal_ws/src/The-Barn-Challenge-Ros2/install/jackal_helper/share/jackal_helper/worlds/BARN/path_files/path_258.npy
[9.129s] -- Symlinking: /jackal_ws/src/The-Barn-Challenge-Ros2/install/jackal_helper/share/jackal_helper/worlds/BARN/path_files/path_259.npy
[9.149s] -- Symlinking: /jackal_ws/src/The-Barn-Challenge-Ros2/install/jackal_helper/share/jackal_helper/worlds/BARN/path_files/path_26.npy
[9.166s] -- Symlinking: /jackal_ws/src/The-Barn-Challenge-Ros2/install/jackal_helper/share/jackal_helper/worlds/BARN/path_files/path_260.npy
[9.184s] -- Symlinking: /jackal_ws/src/The-Barn-Challenge-Ros2/install/jackal_helper/share/jackal_helper/worlds/BARN/path_files/path_261.npy
[9.208s] -- Symlinking: /jackal_ws/src/The-Barn-Challenge-Ros2/install/jackal_helper/share/jackal_helper/worlds/BARN/path_files/path_262.npy
[9.228s] -- Symlinking: /jackal_ws/src/The-Barn-Challenge-Ros2/install/jackal_helper/share/jackal_helper/worlds/BARN/path_files/path_263.npy
[9.246s] -- Symlinking: /jackal_ws/src/The-Barn-Challenge-Ros2/install/jackal_helper/share/jackal_helper/worlds/BARN/path_files/path_264.npy
[9.266s] -- Symlinking: /jackal_ws/src/The-Barn-Challenge-Ros2/install/jackal_helper/share/jackal_helper/worlds/BARN/path_files/path_265.npy
[9.282s] -- Symlinking: /jackal_ws/src/The-Barn-Challenge-Ros2/install/jackal_helper/share/jackal_helper/worlds/BARN/path_files/path_266.npy
[9.300s] -- Symlinking: /jackal_ws/src/The-Barn-Challenge-Ros2/install/jackal_helper/share/jackal_helper/worlds/BARN/path_files/path_267.npy
[9.321s] -- Symlinking: /jackal_ws/src/The-Barn-Challenge-Ros2/install/jackal_helper/share/jackal_helper/worlds/BARN/path_files/path_268.npy
[9.338s] -- Symlinking: /jackal_ws/src/The-Barn-Challenge-Ros2/install/jackal_helper/share/jackal_helper/worlds/BARN/path_files/path_269.npy
[9.357s] -- Symlinking: /jackal_ws/src/The-Barn-Challenge-Ros2/install/jackal_helper/share/jackal_helper/worlds/BARN/path_files/path_27.npy
[9.376s] -- Symlinking: /jackal_ws/src/The-Barn-Challenge-Ros2/install/jackal_helper/share/jackal_helper/worlds/BARN/path_files/path_270.npy
[9.394s] -- Symlinking: /jackal_ws/src/The-Barn-Challenge-Ros2/install/jackal_helper/share/jackal_helper/worlds/BARN/path_files/path_271.npy
[9.413s] -- Symlinking: /jackal_ws/src/The-Barn-Challenge-Ros2/install/jackal_helper/share/jackal_helper/worlds/BARN/path_files/path_272.npy
[9.434s] -- Symlinking: /jackal_ws/src/The-Barn-Challenge-Ros2/install/jackal_helper/share/jackal_helper/worlds/BARN/path_files/path_273.npy
[9.450s] -- Symlinking: /jackal_ws/src/The-Barn-Challenge-Ros2/install/jackal_helper/share/jackal_helper/worlds/BARN/path_files/path_274.npy
[9.469s] -- Symlinking: /jackal_ws/src/The-Barn-Challenge-Ros2/install/jackal_helper/share/jackal_helper/worlds/BARN/path_files/path_275.npy
[9.488s] -- Symlinking: /jackal_ws/src/The-Barn-Challenge-Ros2/install/jackal_helper/share/jackal_helper/worlds/BARN/path_files/path_276.npy
[9.505s] -- Symlinking: /jackal_ws/src/The-Barn-Challenge-Ros2/install/jackal_helper/share/jackal_helper/worlds/BARN/path_files/path_277.npy
[9.525s] -- Symlinking: /jackal_ws/src/The-Barn-Challenge-Ros2/install/jackal_helper/share/jackal_helper/worlds/BARN/path_files/path_278.npy
[9.544s] -- Symlinking: /jackal_ws/src/The-Barn-Challenge-Ros2/install/jackal_helper/share/jackal_helper/worlds/BARN/path_files/path_279.npy
[9.563s] -- Symlinking: /jackal_ws/src/The-Barn-Challenge-Ros2/install/jackal_helper/share/jackal_helper/worlds/BARN/path_files/path_28.npy
[9.582s] -- Symlinking: /jackal_ws/src/The-Barn-Challenge-Ros2/install/jackal_helper/share/jackal_helper/worlds/BARN/path_files/path_280.npy
[9.600s] -- Symlinking: /jackal_ws/src/The-Barn-Challenge-Ros2/install/jackal_helper/share/jackal_helper/worlds/BARN/path_files/path_281.npy
[9.619s] -- Symlinking: /jackal_ws/src/The-Barn-Challenge-Ros2/install/jackal_helper/share/jackal_helper/worlds/BARN/path_files/path_282.npy
[9.638s] -- Symlinking: /jackal_ws/src/The-Barn-Challenge-Ros2/install/jackal_helper/share/jackal_helper/worlds/BARN/path_files/path_283.npy
[9.657s] -- Symlinking: /jackal_ws/src/The-Barn-Challenge-Ros2/install/jackal_helper/share/jackal_helper/worlds/BARN/path_files/path_284.npy
[9.675s] -- Symlinking: /jackal_ws/src/The-Barn-Challenge-Ros2/install/jackal_helper/share/jackal_helper/worlds/BARN/path_files/path_285.npy
[9.694s] -- Symlinking: /jackal_ws/src/The-Barn-Challenge-Ros2/install/jackal_helper/share/jackal_helper/worlds/BARN/path_files/path_286.npy
[9.713s] -- Symlinking: /jackal_ws/src/The-Barn-Challenge-Ros2/install/jackal_helper/share/jackal_helper/worlds/BARN/path_files/path_287.npy
[9.731s] -- Symlinking: /jackal_ws/src/The-Barn-Challenge-Ros2/install/jackal_helper/share/jackal_helper/worlds/BARN/path_files/path_288.npy
[9.751s] -- Symlinking: /jackal_ws/src/The-Barn-Challenge-Ros2/install/jackal_helper/share/jackal_helper/worlds/BARN/path_files/path_289.npy
[9.769s] -- Symlinking: /jackal_ws/src/The-Barn-Challenge-Ros2/install/jackal_helper/share/jackal_helper/worlds/BARN/path_files/path_29.npy
[9.787s] -- Symlinking: /jackal_ws/src/The-Barn-Challenge-Ros2/install/jackal_helper/share/jackal_helper/worlds/BARN/path_files/path_290.npy
[9.807s] -- Symlinking: /jackal_ws/src/The-Barn-Challenge-Ros2/install/jackal_helper/share/jackal_helper/worlds/BARN/path_files/path_291.npy
[9.826s] -- Symlinking: /jackal_ws/src/The-Barn-Challenge-Ros2/install/jackal_helper/share/jackal_helper/worlds/BARN/path_files/path_292.npy
[9.846s] -- Symlinking: /jackal_ws/src/The-Barn-Challenge-Ros2/install/jackal_helper/share/jackal_helper/worlds/BARN/path_files/path_293.npy
[9.866s] -- Symlinking: /jackal_ws/src/The-Barn-Challenge-Ros2/install/jackal_helper/share/jackal_helper/worlds/BARN/path_files/path_294.npy
[9.885s] -- Symlinking: /jackal_ws/src/The-Barn-Challenge-Ros2/install/jackal_helper/share/jackal_helper/worlds/BARN/path_files/path_295.npy
[9.908s] -- Symlinking: /jackal_ws/src/The-Barn-Challenge-Ros2/install/jackal_helper/share/jackal_helper/worlds/BARN/path_files/path_296.npy
[9.929s] -- Symlinking: /jackal_ws/src/The-Barn-Challenge-Ros2/install/jackal_helper/share/jackal_helper/worlds/BARN/path_files/path_297.npy
[9.947s] -- Symlinking: /jackal_ws/src/The-Barn-Challenge-Ros2/install/jackal_helper/share/jackal_helper/worlds/BARN/path_files/path_298.npy
[9.966s] -- Symlinking: /jackal_ws/src/The-Barn-Challenge-Ros2/install/jackal_helper/share/jackal_helper/worlds/BARN/path_files/path_299.npy
[9.984s] -- Symlinking: /jackal_ws/src/The-Barn-Challenge-Ros2/install/jackal_helper/share/jackal_helper/worlds/BARN/path_files/path_3.npy
[10.002s] -- Symlinking: /jackal_ws/src/The-Barn-Challenge-Ros2/install/jackal_helper/share/jackal_helper/worlds/BARN/path_files/path_30.npy
[10.019s] -- Symlinking: /jackal_ws/src/The-Barn-Challenge-Ros2/install/jackal_helper/share/jackal_helper/worlds/BARN/path_files/path_31.npy
[10.036s] -- Symlinking: /jackal_ws/src/The-Barn-Challenge-Ros2/install/jackal_helper/share/jackal_helper/worlds/BARN/path_files/path_32.npy
[10.053s] -- Symlinking: /jackal_ws/src/The-Barn-Challenge-Ros2/install/jackal_helper/share/jackal_helper/worlds/BARN/path_files/path_33.npy
[10.070s] -- Symlinking: /jackal_ws/src/The-Barn-Challenge-Ros2/install/jackal_helper/share/jackal_helper/worlds/BARN/path_files/path_34.npy
[10.089s] -- Symlinking: /jackal_ws/src/The-Barn-Challenge-Ros2/install/jackal_helper/share/jackal_helper/worlds/BARN/path_files/path_35.npy
[10.106s] -- Symlinking: /jackal_ws/src/The-Barn-Challenge-Ros2/install/jackal_helper/share/jackal_helper/worlds/BARN/path_files/path_36.npy
[10.123s] -- Symlinking: /jackal_ws/src/The-Barn-Challenge-Ros2/install/jackal_helper/share/jackal_helper/worlds/BARN/path_files/path_37.npy
[10.141s] -- Symlinking: /jackal_ws/src/The-Barn-Challenge-Ros2/install/jackal_helper/share/jackal_helper/worlds/BARN/path_files/path_38.npy
[10.159s] -- Symlinking: /jackal_ws/src/The-Barn-Challenge-Ros2/install/jackal_helper/share/jackal_helper/worlds/BARN/path_files/path_39.npy
[10.177s] -- Symlinking: /jackal_ws/src/The-Barn-Challenge-Ros2/install/jackal_helper/share/jackal_helper/worlds/BARN/path_files/path_4.npy
[10.195s] -- Symlinking: /jackal_ws/src/The-Barn-Challenge-Ros2/install/jackal_helper/share/jackal_helper/worlds/BARN/path_files/path_40.npy
[10.212s] -- Symlinking: /jackal_ws/src/The-Barn-Challenge-Ros2/install/jackal_helper/share/jackal_helper/worlds/BARN/path_files/path_41.npy
[10.230s] -- Symlinking: /jackal_ws/src/The-Barn-Challenge-Ros2/install/jackal_helper/share/jackal_helper/worlds/BARN/path_files/path_42.npy
[10.252s] -- Symlinking: /jackal_ws/src/The-Barn-Challenge-Ros2/install/jackal_helper/share/jackal_helper/worlds/BARN/path_files/path_43.npy
[10.269s] -- Symlinking: /jackal_ws/src/The-Barn-Challenge-Ros2/install/jackal_helper/share/jackal_helper/worlds/BARN/path_files/path_44.npy
[10.287s] -- Symlinking: /jackal_ws/src/The-Barn-Challenge-Ros2/install/jackal_helper/share/jackal_helper/worlds/BARN/path_files/path_45.npy
[10.306s] -- Symlinking: /jackal_ws/src/The-Barn-Challenge-Ros2/install/jackal_helper/share/jackal_helper/worlds/BARN/path_files/path_46.npy
[10.324s] -- Symlinking: /jackal_ws/src/The-Barn-Challenge-Ros2/install/jackal_helper/share/jackal_helper/worlds/BARN/path_files/path_47.npy
[10.342s] -- Symlinking: /jackal_ws/src/The-Barn-Challenge-Ros2/install/jackal_helper/share/jackal_helper/worlds/BARN/path_files/path_48.npy
[10.366s] -- Symlinking: /jackal_ws/src/The-Barn-Challenge-Ros2/install/jackal_helper/share/jackal_helper/worlds/BARN/path_files/path_49.npy
[10.383s] -- Symlinking: /jackal_ws/src/The-Barn-Challenge-Ros2/install/jackal_helper/share/jackal_helper/worlds/BARN/path_files/path_5.npy
[10.401s] -- Symlinking: /jackal_ws/src/The-Barn-Challenge-Ros2/install/jackal_helper/share/jackal_helper/worlds/BARN/path_files/path_50.npy
[10.420s] -- Symlinking: /jackal_ws/src/The-Barn-Challenge-Ros2/install/jackal_helper/share/jackal_helper/worlds/BARN/path_files/path_51.npy
[10.436s] -- Symlinking: /jackal_ws/src/The-Barn-Challenge-Ros2/install/jackal_helper/share/jackal_helper/worlds/BARN/path_files/path_52.npy
[10.456s] -- Symlinking: /jackal_ws/src/The-Barn-Challenge-Ros2/install/jackal_helper/share/jackal_helper/worlds/BARN/path_files/path_53.npy
[10.476s] -- Symlinking: /jackal_ws/src/The-Barn-Challenge-Ros2/install/jackal_helper/share/jackal_helper/worlds/BARN/path_files/path_54.npy
[10.493s] -- Symlinking: /jackal_ws/src/The-Barn-Challenge-Ros2/install/jackal_helper/share/jackal_helper/worlds/BARN/path_files/path_55.npy
[10.511s] -- Symlinking: /jackal_ws/src/The-Barn-Challenge-Ros2/install/jackal_helper/share/jackal_helper/worlds/BARN/path_files/path_56.npy
[10.531s] -- Symlinking: /jackal_ws/src/The-Barn-Challenge-Ros2/install/jackal_helper/share/jackal_helper/worlds/BARN/path_files/path_57.npy
[10.550s] -- Symlinking: /jackal_ws/src/The-Barn-Challenge-Ros2/install/jackal_helper/share/jackal_helper/worlds/BARN/path_files/path_58.npy
[10.574s] -- Symlinking: /jackal_ws/src/The-Barn-Challenge-Ros2/install/jackal_helper/share/jackal_helper/worlds/BARN/path_files/path_59.npy
[10.593s] -- Symlinking: /jackal_ws/src/The-Barn-Challenge-Ros2/install/jackal_helper/share/jackal_helper/worlds/BARN/path_files/path_6.npy
[10.611s] -- Symlinking: /jackal_ws/src/The-Barn-Challenge-Ros2/install/jackal_helper/share/jackal_helper/worlds/BARN/path_files/path_60.npy
[10.628s] -- Symlinking: /jackal_ws/src/The-Barn-Challenge-Ros2/install/jackal_helper/share/jackal_helper/worlds/BARN/path_files/path_61.npy
[10.645s] -- Symlinking: /jackal_ws/src/The-Barn-Challenge-Ros2/install/jackal_helper/share/jackal_helper/worlds/BARN/path_files/path_62.npy
[10.664s] -- Symlinking: /jackal_ws/src/The-Barn-Challenge-Ros2/install/jackal_helper/share/jackal_helper/worlds/BARN/path_files/path_63.npy
[10.683s] -- Symlinking: /jackal_ws/src/The-Barn-Challenge-Ros2/install/jackal_helper/share/jackal_helper/worlds/BARN/path_files/path_64.npy
[10.700s] -- Symlinking: /jackal_ws/src/The-Barn-Challenge-Ros2/install/jackal_helper/share/jackal_helper/worlds/BARN/path_files/path_65.npy
[10.718s] -- Symlinking: /jackal_ws/src/The-Barn-Challenge-Ros2/install/jackal_helper/share/jackal_helper/worlds/BARN/path_files/path_66.npy
[10.738s] -- Symlinking: /jackal_ws/src/The-Barn-Challenge-Ros2/install/jackal_helper/share/jackal_helper/worlds/BARN/path_files/path_67.npy
[10.756s] -- Symlinking: /jackal_ws/src/The-Barn-Challenge-Ros2/install/jackal_helper/share/jackal_helper/worlds/BARN/path_files/path_68.npy
[10.774s] -- Symlinking: /jackal_ws/src/The-Barn-Challenge-Ros2/install/jackal_helper/share/jackal_helper/worlds/BARN/path_files/path_69.npy
[10.795s] -- Symlinking: /jackal_ws/src/The-Barn-Challenge-Ros2/install/jackal_helper/share/jackal_helper/worlds/BARN/path_files/path_7.npy
[10.812s] -- Symlinking: /jackal_ws/src/The-Barn-Challenge-Ros2/install/jackal_helper/share/jackal_helper/worlds/BARN/path_files/path_70.npy
[10.830s] -- Symlinking: /jackal_ws/src/The-Barn-Challenge-Ros2/install/jackal_helper/share/jackal_helper/worlds/BARN/path_files/path_71.npy
[10.848s] -- Symlinking: /jackal_ws/src/The-Barn-Challenge-Ros2/install/jackal_helper/share/jackal_helper/worlds/BARN/path_files/path_72.npy
[10.867s] -- Symlinking: /jackal_ws/src/The-Barn-Challenge-Ros2/install/jackal_helper/share/jackal_helper/worlds/BARN/path_files/path_73.npy
[10.886s] -- Symlinking: /jackal_ws/src/The-Barn-Challenge-Ros2/install/jackal_helper/share/jackal_helper/worlds/BARN/path_files/path_74.npy
[10.909s] -- Symlinking: /jackal_ws/src/The-Barn-Challenge-Ros2/install/jackal_helper/share/jackal_helper/worlds/BARN/path_files/path_75.npy
[10.925s] -- Symlinking: /jackal_ws/src/The-Barn-Challenge-Ros2/install/jackal_helper/share/jackal_helper/worlds/BARN/path_files/path_76.npy
[10.943s] -- Symlinking: /jackal_ws/src/The-Barn-Challenge-Ros2/install/jackal_helper/share/jackal_helper/worlds/BARN/path_files/path_77.npy
[10.963s] -- Symlinking: /jackal_ws/src/The-Barn-Challenge-Ros2/install/jackal_helper/share/jackal_helper/worlds/BARN/path_files/path_78.npy
[10.980s] -- Symlinking: /jackal_ws/src/The-Barn-Challenge-Ros2/install/jackal_helper/share/jackal_helper/worlds/BARN/path_files/path_79.npy
[10.998s] -- Symlinking: /jackal_ws/src/The-Barn-Challenge-Ros2/install/jackal_helper/share/jackal_helper/worlds/BARN/path_files/path_8.npy
[11.015s] -- Symlinking: /jackal_ws/src/The-Barn-Challenge-Ros2/install/jackal_helper/share/jackal_helper/worlds/BARN/path_files/path_80.npy
[11.034s] -- Symlinking: /jackal_ws/src/The-Barn-Challenge-Ros2/install/jackal_helper/share/jackal_helper/worlds/BARN/path_files/path_81.npy
[11.053s] -- Symlinking: /jackal_ws/src/The-Barn-Challenge-Ros2/install/jackal_helper/share/jackal_helper/worlds/BARN/path_files/path_82.npy
[11.070s] -- Symlinking: /jackal_ws/src/The-Barn-Challenge-Ros2/install/jackal_helper/share/jackal_helper/worlds/BARN/path_files/path_83.npy
[11.085s] -- Symlinking: /jackal_ws/src/The-Barn-Challenge-Ros2/install/jackal_helper/share/jackal_helper/worlds/BARN/path_files/path_84.npy
[11.103s] -- Symlinking: /jackal_ws/src/The-Barn-Challenge-Ros2/install/jackal_helper/share/jackal_helper/worlds/BARN/path_files/path_85.npy
[11.120s] -- Symlinking: /jackal_ws/src/The-Barn-Challenge-Ros2/install/jackal_helper/share/jackal_helper/worlds/BARN/path_files/path_86.npy
[11.141s] -- Symlinking: /jackal_ws/src/The-Barn-Challenge-Ros2/install/jackal_helper/share/jackal_helper/worlds/BARN/path_files/path_87.npy
[11.159s] -- Symlinking: /jackal_ws/src/The-Barn-Challenge-Ros2/install/jackal_helper/share/jackal_helper/worlds/BARN/path_files/path_88.npy
[11.180s] -- Symlinking: /jackal_ws/src/The-Barn-Challenge-Ros2/install/jackal_helper/share/jackal_helper/worlds/BARN/path_files/path_89.npy
[11.198s] -- Symlinking: /jackal_ws/src/The-Barn-Challenge-Ros2/install/jackal_helper/share/jackal_helper/worlds/BARN/path_files/path_9.npy
[11.217s] -- Symlinking: /jackal_ws/src/The-Barn-Challenge-Ros2/install/jackal_helper/share/jackal_helper/worlds/BARN/path_files/path_90.npy
[11.236s] -- Symlinking: /jackal_ws/src/The-Barn-Challenge-Ros2/install/jackal_helper/share/jackal_helper/worlds/BARN/path_files/path_91.npy
[11.253s] -- Symlinking: /jackal_ws/src/The-Barn-Challenge-Ros2/install/jackal_helper/share/jackal_helper/worlds/BARN/path_files/path_92.npy
[11.271s] -- Symlinking: /jackal_ws/src/The-Barn-Challenge-Ros2/install/jackal_helper/share/jackal_helper/worlds/BARN/path_files/path_93.npy
[11.291s] -- Symlinking: /jackal_ws/src/The-Barn-Challenge-Ros2/install/jackal_helper/share/jackal_helper/worlds/BARN/path_files/path_94.npy
[11.308s] -- Symlinking: /jackal_ws/src/The-Barn-Challenge-Ros2/install/jackal_helper/share/jackal_helper/worlds/BARN/path_files/path_95.npy
[11.326s] -- Symlinking: /jackal_ws/src/The-Barn-Challenge-Ros2/install/jackal_helper/share/jackal_helper/worlds/BARN/path_files/path_96.npy
[11.346s] -- Symlinking: /jackal_ws/src/The-Barn-Challenge-Ros2/install/jackal_helper/share/jackal_helper/worlds/BARN/path_files/path_97.npy
[11.365s] -- Symlinking: /jackal_ws/src/The-Barn-Challenge-Ros2/install/jackal_helper/share/jackal_helper/worlds/BARN/path_files/path_98.npy
[11.389s] -- Symlinking: /jackal_ws/src/The-Barn-Challenge-Ros2/install/jackal_helper/share/jackal_helper/worlds/BARN/path_files/path_99.npy
[11.402s] -- Symlinking: /jackal_ws/src/The-Barn-Challenge-Ros2/install/jackal_helper/share/jackal_helper/worlds/BARN/world_0.world
[11.421s] -- Symlinking: /jackal_ws/src/The-Barn-Challenge-Ros2/install/jackal_helper/share/jackal_helper/worlds/BARN/world_1.world
[11.438s] -- Symlinking: /jackal_ws/src/The-Barn-Challenge-Ros2/install/jackal_helper/share/jackal_helper/worlds/BARN/world_10.world
[11.461s] -- Symlinking: /jackal_ws/src/The-Barn-Challenge-Ros2/install/jackal_helper/share/jackal_helper/worlds/BARN/world_100.world
[11.481s] -- Symlinking: /jackal_ws/src/The-Barn-Challenge-Ros2/install/jackal_helper/share/jackal_helper/worlds/BARN/world_101.world
[11.503s] -- Symlinking: /jackal_ws/src/The-Barn-Challenge-Ros2/install/jackal_helper/share/jackal_helper/worlds/BARN/world_102.world
[11.517s] -- Symlinking: /jackal_ws/src/The-Barn-Challenge-Ros2/install/jackal_helper/share/jackal_helper/worlds/BARN/world_103.world
[11.535s] -- Symlinking: /jackal_ws/src/The-Barn-Challenge-Ros2/install/jackal_helper/share/jackal_helper/worlds/BARN/world_104.world
[11.555s] -- Symlinking: /jackal_ws/src/The-Barn-Challenge-Ros2/install/jackal_helper/share/jackal_helper/worlds/BARN/world_105.world
[11.572s] -- Symlinking: /jackal_ws/src/The-Barn-Challenge-Ros2/install/jackal_helper/share/jackal_helper/worlds/BARN/world_106.world
[11.589s] -- Symlinking: /jackal_ws/src/The-Barn-Challenge-Ros2/install/jackal_helper/share/jackal_helper/worlds/BARN/world_107.world
[11.607s] -- Symlinking: /jackal_ws/src/The-Barn-Challenge-Ros2/install/jackal_helper/share/jackal_helper/worlds/BARN/world_108.world
[11.625s] -- Symlinking: /jackal_ws/src/The-Barn-Challenge-Ros2/install/jackal_helper/share/jackal_helper/worlds/BARN/world_109.world
[11.644s] -- Symlinking: /jackal_ws/src/The-Barn-Challenge-Ros2/install/jackal_helper/share/jackal_helper/worlds/BARN/world_11.world
[11.664s] -- Symlinking: /jackal_ws/src/The-Barn-Challenge-Ros2/install/jackal_helper/share/jackal_helper/worlds/BARN/world_110.world
[11.684s] -- Symlinking: /jackal_ws/src/The-Barn-Challenge-Ros2/install/jackal_helper/share/jackal_helper/worlds/BARN/world_111.world
[11.701s] -- Symlinking: /jackal_ws/src/The-Barn-Challenge-Ros2/install/jackal_helper/share/jackal_helper/worlds/BARN/world_112.world
[11.721s] -- Symlinking: /jackal_ws/src/The-Barn-Challenge-Ros2/install/jackal_helper/share/jackal_helper/worlds/BARN/world_113.world
[11.737s] -- Symlinking: /jackal_ws/src/The-Barn-Challenge-Ros2/install/jackal_helper/share/jackal_helper/worlds/BARN/world_114.world
[11.760s] -- Symlinking: /jackal_ws/src/The-Barn-Challenge-Ros2/install/jackal_helper/share/jackal_helper/worlds/BARN/world_115.world
[11.780s] -- Symlinking: /jackal_ws/src/The-Barn-Challenge-Ros2/install/jackal_helper/share/jackal_helper/worlds/BARN/world_116.world
[11.797s] -- Symlinking: /jackal_ws/src/The-Barn-Challenge-Ros2/install/jackal_helper/share/jackal_helper/worlds/BARN/world_117.world
[11.815s] -- Symlinking: /jackal_ws/src/The-Barn-Challenge-Ros2/install/jackal_helper/share/jackal_helper/worlds/BARN/world_118.world
[11.835s] -- Symlinking: /jackal_ws/src/The-Barn-Challenge-Ros2/install/jackal_helper/share/jackal_helper/worlds/BARN/world_119.world
[11.852s] -- Symlinking: /jackal_ws/src/The-Barn-Challenge-Ros2/install/jackal_helper/share/jackal_helper/worlds/BARN/world_12.world
[11.872s] -- Symlinking: /jackal_ws/src/The-Barn-Challenge-Ros2/install/jackal_helper/share/jackal_helper/worlds/BARN/world_120.world
[11.901s] -- Symlinking: /jackal_ws/src/The-Barn-Challenge-Ros2/install/jackal_helper/share/jackal_helper/worlds/BARN/world_121.world
[11.921s] -- Symlinking: /jackal_ws/src/The-Barn-Challenge-Ros2/install/jackal_helper/share/jackal_helper/worlds/BARN/world_122.world
[11.943s] -- Symlinking: /jackal_ws/src/The-Barn-Challenge-Ros2/install/jackal_helper/share/jackal_helper/worlds/BARN/world_123.world
[11.961s] -- Symlinking: /jackal_ws/src/The-Barn-Challenge-Ros2/install/jackal_helper/share/jackal_helper/worlds/BARN/world_124.world
[11.977s] -- Symlinking: /jackal_ws/src/The-Barn-Challenge-Ros2/install/jackal_helper/share/jackal_helper/worlds/BARN/world_125.world
[11.995s] -- Symlinking: /jackal_ws/src/The-Barn-Challenge-Ros2/install/jackal_helper/share/jackal_helper/worlds/BARN/world_126.world
[12.014s] -- Symlinking: /jackal_ws/src/The-Barn-Challenge-Ros2/install/jackal_helper/share/jackal_helper/worlds/BARN/world_127.world
[12.033s] -- Symlinking: /jackal_ws/src/The-Barn-Challenge-Ros2/install/jackal_helper/share/jackal_helper/worlds/BARN/world_128.world
[12.051s] -- Symlinking: /jackal_ws/src/The-Barn-Challenge-Ros2/install/jackal_helper/share/jackal_helper/worlds/BARN/world_129.world
[12.069s] -- Symlinking: /jackal_ws/src/The-Barn-Challenge-Ros2/install/jackal_helper/share/jackal_helper/worlds/BARN/world_13.world
[12.086s] -- Symlinking: /jackal_ws/src/The-Barn-Challenge-Ros2/install/jackal_helper/share/jackal_helper/worlds/BARN/world_130.world
[12.103s] -- Symlinking: /jackal_ws/src/The-Barn-Challenge-Ros2/install/jackal_helper/share/jackal_helper/worlds/BARN/world_131.world
[12.122s] -- Symlinking: /jackal_ws/src/The-Barn-Challenge-Ros2/install/jackal_helper/share/jackal_helper/worlds/BARN/world_132.world
[12.140s] -- Symlinking: /jackal_ws/src/The-Barn-Challenge-Ros2/install/jackal_helper/share/jackal_helper/worlds/BARN/world_133.world
[12.156s] -- Symlinking: /jackal_ws/src/The-Barn-Challenge-Ros2/install/jackal_helper/share/jackal_helper/worlds/BARN/world_134.world
[12.174s] -- Symlinking: /jackal_ws/src/The-Barn-Challenge-Ros2/install/jackal_helper/share/jackal_helper/worlds/BARN/world_135.world
[12.192s] -- Symlinking: /jackal_ws/src/The-Barn-Challenge-Ros2/install/jackal_helper/share/jackal_helper/worlds/BARN/world_136.world
[12.211s] -- Symlinking: /jackal_ws/src/The-Barn-Challenge-Ros2/install/jackal_helper/share/jackal_helper/worlds/BARN/world_137.world
[12.229s] -- Symlinking: /jackal_ws/src/The-Barn-Challenge-Ros2/install/jackal_helper/share/jackal_helper/worlds/BARN/world_138.world
[12.248s] -- Symlinking: /jackal_ws/src/The-Barn-Challenge-Ros2/install/jackal_helper/share/jackal_helper/worlds/BARN/world_139.world
[12.267s] -- Symlinking: /jackal_ws/src/The-Barn-Challenge-Ros2/install/jackal_helper/share/jackal_helper/worlds/BARN/world_14.world
[12.284s] -- Symlinking: /jackal_ws/src/The-Barn-Challenge-Ros2/install/jackal_helper/share/jackal_helper/worlds/BARN/world_140.world
[12.302s] -- Symlinking: /jackal_ws/src/The-Barn-Challenge-Ros2/install/jackal_helper/share/jackal_helper/worlds/BARN/world_141.world
[12.320s] -- Symlinking: /jackal_ws/src/The-Barn-Challenge-Ros2/install/jackal_helper/share/jackal_helper/worlds/BARN/world_142.world
[12.340s] -- Symlinking: /jackal_ws/src/The-Barn-Challenge-Ros2/install/jackal_helper/share/jackal_helper/worlds/BARN/world_143.world
[12.359s] -- Symlinking: /jackal_ws/src/The-Barn-Challenge-Ros2/install/jackal_helper/share/jackal_helper/worlds/BARN/world_144.world
[12.378s] -- Symlinking: /jackal_ws/src/The-Barn-Challenge-Ros2/install/jackal_helper/share/jackal_helper/worlds/BARN/world_145.world
[12.396s] -- Symlinking: /jackal_ws/src/The-Barn-Challenge-Ros2/install/jackal_helper/share/jackal_helper/worlds/BARN/world_146.world
[12.414s] -- Symlinking: /jackal_ws/src/The-Barn-Challenge-Ros2/install/jackal_helper/share/jackal_helper/worlds/BARN/world_147.world
[12.434s] -- Symlinking: /jackal_ws/src/The-Barn-Challenge-Ros2/install/jackal_helper/share/jackal_helper/worlds/BARN/world_148.world
[12.450s] -- Symlinking: /jackal_ws/src/The-Barn-Challenge-Ros2/install/jackal_helper/share/jackal_helper/worlds/BARN/world_149.world
[12.468s] -- Symlinking: /jackal_ws/src/The-Barn-Challenge-Ros2/install/jackal_helper/share/jackal_helper/worlds/BARN/world_15.world
[12.488s] -- Symlinking: /jackal_ws/src/The-Barn-Challenge-Ros2/install/jackal_helper/share/jackal_helper/worlds/BARN/world_150.world
[12.505s] -- Symlinking: /jackal_ws/src/The-Barn-Challenge-Ros2/install/jackal_helper/share/jackal_helper/worlds/BARN/world_151.world
[12.523s] -- Symlinking: /jackal_ws/src/The-Barn-Challenge-Ros2/install/jackal_helper/share/jackal_helper/worlds/BARN/world_152.world
[12.545s] -- Symlinking: /jackal_ws/src/The-Barn-Challenge-Ros2/install/jackal_helper/share/jackal_helper/worlds/BARN/world_153.world
[12.562s] -- Symlinking: /jackal_ws/src/The-Barn-Challenge-Ros2/install/jackal_helper/share/jackal_helper/worlds/BARN/world_154.world
[12.584s] -- Symlinking: /jackal_ws/src/The-Barn-Challenge-Ros2/install/jackal_helper/share/jackal_helper/worlds/BARN/world_155.world
[12.604s] -- Symlinking: /jackal_ws/src/The-Barn-Challenge-Ros2/install/jackal_helper/share/jackal_helper/worlds/BARN/world_156.world
[12.621s] -- Symlinking: /jackal_ws/src/The-Barn-Challenge-Ros2/install/jackal_helper/share/jackal_helper/worlds/BARN/world_157.world
[12.640s] -- Symlinking: /jackal_ws/src/The-Barn-Challenge-Ros2/install/jackal_helper/share/jackal_helper/worlds/BARN/world_158.world
[12.658s] -- Symlinking: /jackal_ws/src/The-Barn-Challenge-Ros2/install/jackal_helper/share/jackal_helper/worlds/BARN/world_159.world
[12.675s] -- Symlinking: /jackal_ws/src/The-Barn-Challenge-Ros2/install/jackal_helper/share/jackal_helper/worlds/BARN/world_16.world
[12.696s] -- Symlinking: /jackal_ws/src/The-Barn-Challenge-Ros2/install/jackal_helper/share/jackal_helper/worlds/BARN/world_160.world
[12.713s] -- Symlinking: /jackal_ws/src/The-Barn-Challenge-Ros2/install/jackal_helper/share/jackal_helper/worlds/BARN/world_161.world
[12.729s] -- Symlinking: /jackal_ws/src/The-Barn-Challenge-Ros2/install/jackal_helper/share/jackal_helper/worlds/BARN/world_162.world
[12.747s] -- Symlinking: /jackal_ws/src/The-Barn-Challenge-Ros2/install/jackal_helper/share/jackal_helper/worlds/BARN/world_163.world
[12.764s] -- Symlinking: /jackal_ws/src/The-Barn-Challenge-Ros2/install/jackal_helper/share/jackal_helper/worlds/BARN/world_164.world
[12.783s] -- Symlinking: /jackal_ws/src/The-Barn-Challenge-Ros2/install/jackal_helper/share/jackal_helper/worlds/BARN/world_165.world
[12.801s] -- Symlinking: /jackal_ws/src/The-Barn-Challenge-Ros2/install/jackal_helper/share/jackal_helper/worlds/BARN/world_166.world
[12.820s] -- Symlinking: /jackal_ws/src/The-Barn-Challenge-Ros2/install/jackal_helper/share/jackal_helper/worlds/BARN/world_167.world
[12.841s] -- Symlinking: /jackal_ws/src/The-Barn-Challenge-Ros2/install/jackal_helper/share/jackal_helper/worlds/BARN/world_168.world
[12.859s] -- Symlinking: /jackal_ws/src/The-Barn-Challenge-Ros2/install/jackal_helper/share/jackal_helper/worlds/BARN/world_169.world
[12.881s] -- Symlinking: /jackal_ws/src/The-Barn-Challenge-Ros2/install/jackal_helper/share/jackal_helper/worlds/BARN/world_17.world
[12.906s] -- Symlinking: /jackal_ws/src/The-Barn-Challenge-Ros2/install/jackal_helper/share/jackal_helper/worlds/BARN/world_170.world
[12.925s] -- Symlinking: /jackal_ws/src/The-Barn-Challenge-Ros2/install/jackal_helper/share/jackal_helper/worlds/BARN/world_171.world
[12.946s] -- Symlinking: /jackal_ws/src/The-Barn-Challenge-Ros2/install/jackal_helper/share/jackal_helper/worlds/BARN/world_172.world
[12.967s] -- Symlinking: /jackal_ws/src/The-Barn-Challenge-Ros2/install/jackal_helper/share/jackal_helper/worlds/BARN/world_173.world
[12.984s] -- Symlinking: /jackal_ws/src/The-Barn-Challenge-Ros2/install/jackal_helper/share/jackal_helper/worlds/BARN/world_174.world
[13.002s] -- Symlinking: /jackal_ws/src/The-Barn-Challenge-Ros2/install/jackal_helper/share/jackal_helper/worlds/BARN/world_175.world
[13.022s] -- Symlinking: /jackal_ws/src/The-Barn-Challenge-Ros2/install/jackal_helper/share/jackal_helper/worlds/BARN/world_176.world
[13.042s] -- Symlinking: /jackal_ws/src/The-Barn-Challenge-Ros2/install/jackal_helper/share/jackal_helper/worlds/BARN/world_177.world
[13.061s] -- Symlinking: /jackal_ws/src/The-Barn-Challenge-Ros2/install/jackal_helper/share/jackal_helper/worlds/BARN/world_178.world
[13.080s] -- Symlinking: /jackal_ws/src/The-Barn-Challenge-Ros2/install/jackal_helper/share/jackal_helper/worlds/BARN/world_179.world
[13.099s] -- Symlinking: /jackal_ws/src/The-Barn-Challenge-Ros2/install/jackal_helper/share/jackal_helper/worlds/BARN/world_18.world
[13.117s] -- Symlinking: /jackal_ws/src/The-Barn-Challenge-Ros2/install/jackal_helper/share/jackal_helper/worlds/BARN/world_180.world
[13.136s] -- Symlinking: /jackal_ws/src/The-Barn-Challenge-Ros2/install/jackal_helper/share/jackal_helper/worlds/BARN/world_181.world
[13.152s] -- Symlinking: /jackal_ws/src/The-Barn-Challenge-Ros2/install/jackal_helper/share/jackal_helper/worlds/BARN/world_182.world
[13.174s] -- Symlinking: /jackal_ws/src/The-Barn-Challenge-Ros2/install/jackal_helper/share/jackal_helper/worlds/BARN/world_183.world
[13.191s] -- Symlinking: /jackal_ws/src/The-Barn-Challenge-Ros2/install/jackal_helper/share/jackal_helper/worlds/BARN/world_184.world
[13.213s] -- Symlinking: /jackal_ws/src/The-Barn-Challenge-Ros2/install/jackal_helper/share/jackal_helper/worlds/BARN/world_185.world
[13.242s] -- Symlinking: /jackal_ws/src/The-Barn-Challenge-Ros2/install/jackal_helper/share/jackal_helper/worlds/BARN/world_186.world
[13.259s] -- Symlinking: /jackal_ws/src/The-Barn-Challenge-Ros2/install/jackal_helper/share/jackal_helper/worlds/BARN/world_187.world
[13.280s] -- Symlinking: /jackal_ws/src/The-Barn-Challenge-Ros2/install/jackal_helper/share/jackal_helper/worlds/BARN/world_188.world
[13.299s] -- Symlinking: /jackal_ws/src/The-Barn-Challenge-Ros2/install/jackal_helper/share/jackal_helper/worlds/BARN/world_189.world
[13.318s] -- Symlinking: /jackal_ws/src/The-Barn-Challenge-Ros2/install/jackal_helper/share/jackal_helper/worlds/BARN/world_19.world
[13.336s] -- Symlinking: /jackal_ws/src/The-Barn-Challenge-Ros2/install/jackal_helper/share/jackal_helper/worlds/BARN/world_190.world
[13.357s] -- Symlinking: /jackal_ws/src/The-Barn-Challenge-Ros2/install/jackal_helper/share/jackal_helper/worlds/BARN/world_191.world
[13.376s] -- Symlinking: /jackal_ws/src/The-Barn-Challenge-Ros2/install/jackal_helper/share/jackal_helper/worlds/BARN/world_192.world
[13.395s] -- Symlinking: /jackal_ws/src/The-Barn-Challenge-Ros2/install/jackal_helper/share/jackal_helper/worlds/BARN/world_193.world
[13.414s] -- Symlinking: /jackal_ws/src/The-Barn-Challenge-Ros2/install/jackal_helper/share/jackal_helper/worlds/BARN/world_194.world
[13.432s] -- Symlinking: /jackal_ws/src/The-Barn-Challenge-Ros2/install/jackal_helper/share/jackal_helper/worlds/BARN/world_195.world
[13.450s] -- Symlinking: /jackal_ws/src/The-Barn-Challenge-Ros2/install/jackal_helper/share/jackal_helper/worlds/BARN/world_196.world
[13.468s] -- Symlinking: /jackal_ws/src/The-Barn-Challenge-Ros2/install/jackal_helper/share/jackal_helper/worlds/BARN/world_197.world
[13.486s] -- Symlinking: /jackal_ws/src/The-Barn-Challenge-Ros2/install/jackal_helper/share/jackal_helper/worlds/BARN/world_198.world
[13.504s] -- Symlinking: /jackal_ws/src/The-Barn-Challenge-Ros2/install/jackal_helper/share/jackal_helper/worlds/BARN/world_199.world
[13.521s] -- Symlinking: /jackal_ws/src/The-Barn-Challenge-Ros2/install/jackal_helper/share/jackal_helper/worlds/BARN/world_2.world
[13.541s] -- Symlinking: /jackal_ws/src/The-Barn-Challenge-Ros2/install/jackal_helper/share/jackal_helper/worlds/BARN/world_20.world
[13.559s] -- Symlinking: /jackal_ws/src/The-Barn-Challenge-Ros2/install/jackal_helper/share/jackal_helper/worlds/BARN/world_200.world
[13.580s] -- Symlinking: /jackal_ws/src/The-Barn-Challenge-Ros2/install/jackal_helper/share/jackal_helper/worlds/BARN/world_201.world
[13.599s] -- Symlinking: /jackal_ws/src/The-Barn-Challenge-Ros2/install/jackal_helper/share/jackal_helper/worlds/BARN/world_202.world
[13.616s] -- Symlinking: /jackal_ws/src/The-Barn-Challenge-Ros2/install/jackal_helper/share/jackal_helper/worlds/BARN/world_203.world
[13.635s] -- Symlinking: /jackal_ws/src/The-Barn-Challenge-Ros2/install/jackal_helper/share/jackal_helper/worlds/BARN/world_204.world
[13.655s] -- Symlinking: /jackal_ws/src/The-Barn-Challenge-Ros2/install/jackal_helper/share/jackal_helper/worlds/BARN/world_205.world
[13.673s] -- Symlinking: /jackal_ws/src/The-Barn-Challenge-Ros2/install/jackal_helper/share/jackal_helper/worlds/BARN/world_206.world
[13.692s] -- Symlinking: /jackal_ws/src/The-Barn-Challenge-Ros2/install/jackal_helper/share/jackal_helper/worlds/BARN/world_207.world
[13.709s] -- Symlinking: /jackal_ws/src/The-Barn-Challenge-Ros2/install/jackal_helper/share/jackal_helper/worlds/BARN/world_208.world
[13.729s] -- Symlinking: /jackal_ws/src/The-Barn-Challenge-Ros2/install/jackal_helper/share/jackal_helper/worlds/BARN/world_209.world
[13.748s] -- Symlinking: /jackal_ws/src/The-Barn-Challenge-Ros2/install/jackal_helper/share/jackal_helper/worlds/BARN/world_21.world
[13.765s] -- Symlinking: /jackal_ws/src/The-Barn-Challenge-Ros2/install/jackal_helper/share/jackal_helper/worlds/BARN/world_210.world
[13.785s] -- Symlinking: /jackal_ws/src/The-Barn-Challenge-Ros2/install/jackal_helper/share/jackal_helper/worlds/BARN/world_211.world
[13.805s] -- Symlinking: /jackal_ws/src/The-Barn-Challenge-Ros2/install/jackal_helper/share/jackal_helper/worlds/BARN/world_212.world
[13.822s] -- Symlinking: /jackal_ws/src/The-Barn-Challenge-Ros2/install/jackal_helper/share/jackal_helper/worlds/BARN/world_213.world
[13.840s] -- Symlinking: /jackal_ws/src/The-Barn-Challenge-Ros2/install/jackal_helper/share/jackal_helper/worlds/BARN/world_214.world
[13.860s] -- Symlinking: /jackal_ws/src/The-Barn-Challenge-Ros2/install/jackal_helper/share/jackal_helper/worlds/BARN/world_215.world
[13.879s] -- Symlinking: /jackal_ws/src/The-Barn-Challenge-Ros2/install/jackal_helper/share/jackal_helper/worlds/BARN/world_216.world
[13.898s] -- Symlinking: /jackal_ws/src/The-Barn-Challenge-Ros2/install/jackal_helper/share/jackal_helper/worlds/BARN/world_217.world
[13.921s] -- Symlinking: /jackal_ws/src/The-Barn-Challenge-Ros2/install/jackal_helper/share/jackal_helper/worlds/BARN/world_218.world
[13.939s] -- Symlinking: /jackal_ws/src/The-Barn-Challenge-Ros2/install/jackal_helper/share/jackal_helper/worlds/BARN/world_219.world
[13.959s] -- Symlinking: /jackal_ws/src/The-Barn-Challenge-Ros2/install/jackal_helper/share/jackal_helper/worlds/BARN/world_22.world
[13.977s] -- Symlinking: /jackal_ws/src/The-Barn-Challenge-Ros2/install/jackal_helper/share/jackal_helper/worlds/BARN/world_220.world
[13.995s] -- Symlinking: /jackal_ws/src/The-Barn-Challenge-Ros2/install/jackal_helper/share/jackal_helper/worlds/BARN/world_221.world
[14.012s] -- Symlinking: /jackal_ws/src/The-Barn-Challenge-Ros2/install/jackal_helper/share/jackal_helper/worlds/BARN/world_222.world
[14.032s] -- Symlinking: /jackal_ws/src/The-Barn-Challenge-Ros2/install/jackal_helper/share/jackal_helper/worlds/BARN/world_223.world
[14.049s] -- Symlinking: /jackal_ws/src/The-Barn-Challenge-Ros2/install/jackal_helper/share/jackal_helper/worlds/BARN/world_224.world
[14.068s] -- Symlinking: /jackal_ws/src/The-Barn-Challenge-Ros2/install/jackal_helper/share/jackal_helper/worlds/BARN/world_225.world
[14.087s] -- Symlinking: /jackal_ws/src/The-Barn-Challenge-Ros2/install/jackal_helper/share/jackal_helper/worlds/BARN/world_226.world
[14.101s] -- Symlinking: /jackal_ws/src/The-Barn-Challenge-Ros2/install/jackal_helper/share/jackal_helper/worlds/BARN/world_227.world
[14.118s] -- Symlinking: /jackal_ws/src/The-Barn-Challenge-Ros2/install/jackal_helper/share/jackal_helper/worlds/BARN/world_228.world
[14.138s] -- Symlinking: /jackal_ws/src/The-Barn-Challenge-Ros2/install/jackal_helper/share/jackal_helper/worlds/BARN/world_229.world
[14.153s] -- Symlinking: /jackal_ws/src/The-Barn-Challenge-Ros2/install/jackal_helper/share/jackal_helper/worlds/BARN/world_23.world
[14.171s] -- Symlinking: /jackal_ws/src/The-Barn-Challenge-Ros2/install/jackal_helper/share/jackal_helper/worlds/BARN/world_230.world
[14.191s] -- Symlinking: /jackal_ws/src/The-Barn-Challenge-Ros2/install/jackal_helper/share/jackal_helper/worlds/BARN/world_231.world
[14.212s] -- Symlinking: /jackal_ws/src/The-Barn-Challenge-Ros2/install/jackal_helper/share/jackal_helper/worlds/BARN/world_232.world
[14.232s] -- Symlinking: /jackal_ws/src/The-Barn-Challenge-Ros2/install/jackal_helper/share/jackal_helper/worlds/BARN/world_233.world
[14.254s] -- Symlinking: /jackal_ws/src/The-Barn-Challenge-Ros2/install/jackal_helper/share/jackal_helper/worlds/BARN/world_234.world
[14.273s] -- Symlinking: /jackal_ws/src/The-Barn-Challenge-Ros2/install/jackal_helper/share/jackal_helper/worlds/BARN/world_235.world
[14.291s] -- Symlinking: /jackal_ws/src/The-Barn-Challenge-Ros2/install/jackal_helper/share/jackal_helper/worlds/BARN/world_236.world
[14.310s] -- Symlinking: /jackal_ws/src/The-Barn-Challenge-Ros2/install/jackal_helper/share/jackal_helper/worlds/BARN/world_237.world
[14.329s] -- Symlinking: /jackal_ws/src/The-Barn-Challenge-Ros2/install/jackal_helper/share/jackal_helper/worlds/BARN/world_238.world
[14.347s] -- Symlinking: /jackal_ws/src/The-Barn-Challenge-Ros2/install/jackal_helper/share/jackal_helper/worlds/BARN/world_239.world
[14.366s] -- Symlinking: /jackal_ws/src/The-Barn-Challenge-Ros2/install/jackal_helper/share/jackal_helper/worlds/BARN/world_24.world
[14.386s] -- Symlinking: /jackal_ws/src/The-Barn-Challenge-Ros2/install/jackal_helper/share/jackal_helper/worlds/BARN/world_240.world
[14.404s] -- Symlinking: /jackal_ws/src/The-Barn-Challenge-Ros2/install/jackal_helper/share/jackal_helper/worlds/BARN/world_241.world
[14.422s] -- Symlinking: /jackal_ws/src/The-Barn-Challenge-Ros2/install/jackal_helper/share/jackal_helper/worlds/BARN/world_242.world
[14.442s] -- Symlinking: /jackal_ws/src/The-Barn-Challenge-Ros2/install/jackal_helper/share/jackal_helper/worlds/BARN/world_243.world
[14.463s] -- Symlinking: /jackal_ws/src/The-Barn-Challenge-Ros2/install/jackal_helper/share/jackal_helper/worlds/BARN/world_244.world
[14.481s] -- Symlinking: /jackal_ws/src/The-Barn-Challenge-Ros2/install/jackal_helper/share/jackal_helper/worlds/BARN/world_245.world
[14.500s] -- Symlinking: /jackal_ws/src/The-Barn-Challenge-Ros2/install/jackal_helper/share/jackal_helper/worlds/BARN/world_246.world
[14.519s] -- Symlinking: /jackal_ws/src/The-Barn-Challenge-Ros2/install/jackal_helper/share/jackal_helper/worlds/BARN/world_247.world
[14.535s] -- Symlinking: /jackal_ws/src/The-Barn-Challenge-Ros2/install/jackal_helper/share/jackal_helper/worlds/BARN/world_248.world
[14.553s] -- Symlinking: /jackal_ws/src/The-Barn-Challenge-Ros2/install/jackal_helper/share/jackal_helper/worlds/BARN/world_249.world
[14.571s] -- Symlinking: /jackal_ws/src/The-Barn-Challenge-Ros2/install/jackal_helper/share/jackal_helper/worlds/BARN/world_25.world
[14.588s] -- Symlinking: /jackal_ws/src/The-Barn-Challenge-Ros2/install/jackal_helper/share/jackal_helper/worlds/BARN/world_250.world
[14.606s] -- Symlinking: /jackal_ws/src/The-Barn-Challenge-Ros2/install/jackal_helper/share/jackal_helper/worlds/BARN/world_251.world
[14.624s] -- Symlinking: /jackal_ws/src/The-Barn-Challenge-Ros2/install/jackal_helper/share/jackal_helper/worlds/BARN/world_252.world
[14.645s] -- Symlinking: /jackal_ws/src/The-Barn-Challenge-Ros2/install/jackal_helper/share/jackal_helper/worlds/BARN/world_253.world
[14.664s] -- Symlinking: /jackal_ws/src/The-Barn-Challenge-Ros2/install/jackal_helper/share/jackal_helper/worlds/BARN/world_254.world
[14.685s] -- Symlinking: /jackal_ws/src/The-Barn-Challenge-Ros2/install/jackal_helper/share/jackal_helper/worlds/BARN/world_255.world
[14.703s] -- Symlinking: /jackal_ws/src/The-Barn-Challenge-Ros2/install/jackal_helper/share/jackal_helper/worlds/BARN/world_256.world
[14.721s] -- Symlinking: /jackal_ws/src/The-Barn-Challenge-Ros2/install/jackal_helper/share/jackal_helper/worlds/BARN/world_257.world
[14.737s] -- Symlinking: /jackal_ws/src/The-Barn-Challenge-Ros2/install/jackal_helper/share/jackal_helper/worlds/BARN/world_258.world
[14.755s] -- Symlinking: /jackal_ws/src/The-Barn-Challenge-Ros2/install/jackal_helper/share/jackal_helper/worlds/BARN/world_259.world
[14.773s] -- Symlinking: /jackal_ws/src/The-Barn-Challenge-Ros2/install/jackal_helper/share/jackal_helper/worlds/BARN/world_26.world
[14.792s] -- Symlinking: /jackal_ws/src/The-Barn-Challenge-Ros2/install/jackal_helper/share/jackal_helper/worlds/BARN/world_260.world
[14.810s] -- Symlinking: /jackal_ws/src/The-Barn-Challenge-Ros2/install/jackal_helper/share/jackal_helper/worlds/BARN/world_261.world
[14.827s] -- Symlinking: /jackal_ws/src/The-Barn-Challenge-Ros2/install/jackal_helper/share/jackal_helper/worlds/BARN/world_262.world
[14.847s] -- Symlinking: /jackal_ws/src/The-Barn-Challenge-Ros2/install/jackal_helper/share/jackal_helper/worlds/BARN/world_263.world
[14.866s] -- Symlinking: /jackal_ws/src/The-Barn-Challenge-Ros2/install/jackal_helper/share/jackal_helper/worlds/BARN/world_264.world
[14.887s] -- Symlinking: /jackal_ws/src/The-Barn-Challenge-Ros2/install/jackal_helper/share/jackal_helper/worlds/BARN/world_265.world
[14.912s] -- Symlinking: /jackal_ws/src/The-Barn-Challenge-Ros2/install/jackal_helper/share/jackal_helper/worlds/BARN/world_266.world
[14.930s] -- Symlinking: /jackal_ws/src/The-Barn-Challenge-Ros2/install/jackal_helper/share/jackal_helper/worlds/BARN/world_267.world
[14.950s] -- Symlinking: /jackal_ws/src/The-Barn-Challenge-Ros2/install/jackal_helper/share/jackal_helper/worlds/BARN/world_268.world
[14.970s] -- Symlinking: /jackal_ws/src/The-Barn-Challenge-Ros2/install/jackal_helper/share/jackal_helper/worlds/BARN/world_269.world
[14.987s] -- Symlinking: /jackal_ws/src/The-Barn-Challenge-Ros2/install/jackal_helper/share/jackal_helper/worlds/BARN/world_27.world
[15.004s] -- Symlinking: /jackal_ws/src/The-Barn-Challenge-Ros2/install/jackal_helper/share/jackal_helper/worlds/BARN/world_270.world
[15.022s] -- Symlinking: /jackal_ws/src/The-Barn-Challenge-Ros2/install/jackal_helper/share/jackal_helper/worlds/BARN/world_271.world
[15.038s] -- Symlinking: /jackal_ws/src/The-Barn-Challenge-Ros2/install/jackal_helper/share/jackal_helper/worlds/BARN/world_272.world
[15.055s] -- Symlinking: /jackal_ws/src/The-Barn-Challenge-Ros2/install/jackal_helper/share/jackal_helper/worlds/BARN/world_273.world
[15.072s] -- Symlinking: /jackal_ws/src/The-Barn-Challenge-Ros2/install/jackal_helper/share/jackal_helper/worlds/BARN/world_274.world
[15.089s] -- Symlinking: /jackal_ws/src/The-Barn-Challenge-Ros2/install/jackal_helper/share/jackal_helper/worlds/BARN/world_275.world
[15.106s] -- Symlinking: /jackal_ws/src/The-Barn-Challenge-Ros2/install/jackal_helper/share/jackal_helper/worlds/BARN/world_276.world
[15.135s] -- Symlinking: /jackal_ws/src/The-Barn-Challenge-Ros2/install/jackal_helper/share/jackal_helper/worlds/BARN/world_277.world
[15.152s] -- Symlinking: /jackal_ws/src/The-Barn-Challenge-Ros2/install/jackal_helper/share/jackal_helper/worlds/BARN/world_278.world
[15.172s] -- Symlinking: /jackal_ws/src/The-Barn-Challenge-Ros2/install/jackal_helper/share/jackal_helper/worlds/BARN/world_279.world
[15.191s] -- Symlinking: /jackal_ws/src/The-Barn-Challenge-Ros2/install/jackal_helper/share/jackal_helper/worlds/BARN/world_28.world
[15.209s] -- Symlinking: /jackal_ws/src/The-Barn-Challenge-Ros2/install/jackal_helper/share/jackal_helper/worlds/BARN/world_280.world
[15.229s] -- Symlinking: /jackal_ws/src/The-Barn-Challenge-Ros2/install/jackal_helper/share/jackal_helper/worlds/BARN/world_281.world
[15.246s] -- Symlinking: /jackal_ws/src/The-Barn-Challenge-Ros2/install/jackal_helper/share/jackal_helper/worlds/BARN/world_282.world
[15.263s] -- Symlinking: /jackal_ws/src/The-Barn-Challenge-Ros2/install/jackal_helper/share/jackal_helper/worlds/BARN/world_283.world
[15.290s] -- Symlinking: /jackal_ws/src/The-Barn-Challenge-Ros2/install/jackal_helper/share/jackal_helper/worlds/BARN/world_284.world
[15.310s] -- Symlinking: /jackal_ws/src/The-Barn-Challenge-Ros2/install/jackal_helper/share/jackal_helper/worlds/BARN/world_285.world
[15.330s] -- Symlinking: /jackal_ws/src/The-Barn-Challenge-Ros2/install/jackal_helper/share/jackal_helper/worlds/BARN/world_286.world
[15.348s] -- Symlinking: /jackal_ws/src/The-Barn-Challenge-Ros2/install/jackal_helper/share/jackal_helper/worlds/BARN/world_287.world
[15.364s] -- Symlinking: /jackal_ws/src/The-Barn-Challenge-Ros2/install/jackal_helper/share/jackal_helper/worlds/BARN/world_288.world
[15.386s] -- Symlinking: /jackal_ws/src/The-Barn-Challenge-Ros2/install/jackal_helper/share/jackal_helper/worlds/BARN/world_289.world
[15.406s] -- Symlinking: /jackal_ws/src/The-Barn-Challenge-Ros2/install/jackal_helper/share/jackal_helper/worlds/BARN/world_29.world
[15.423s] -- Symlinking: /jackal_ws/src/The-Barn-Challenge-Ros2/install/jackal_helper/share/jackal_helper/worlds/BARN/world_290.world
[15.441s] -- Symlinking: /jackal_ws/src/The-Barn-Challenge-Ros2/install/jackal_helper/share/jackal_helper/worlds/BARN/world_291.world
[15.459s] -- Symlinking: /jackal_ws/src/The-Barn-Challenge-Ros2/install/jackal_helper/share/jackal_helper/worlds/BARN/world_292.world
[15.478s] -- Symlinking: /jackal_ws/src/The-Barn-Challenge-Ros2/install/jackal_helper/share/jackal_helper/worlds/BARN/world_293.world
[15.496s] -- Symlinking: /jackal_ws/src/The-Barn-Challenge-Ros2/install/jackal_helper/share/jackal_helper/worlds/BARN/world_294.world
[15.515s] -- Symlinking: /jackal_ws/src/The-Barn-Challenge-Ros2/install/jackal_helper/share/jackal_helper/worlds/BARN/world_295.world
[15.532s] -- Symlinking: /jackal_ws/src/The-Barn-Challenge-Ros2/install/jackal_helper/share/jackal_helper/worlds/BARN/world_296.world
[15.555s] -- Symlinking: /jackal_ws/src/The-Barn-Challenge-Ros2/install/jackal_helper/share/jackal_helper/worlds/BARN/world_297.world
[15.579s] -- Symlinking: /jackal_ws/src/The-Barn-Challenge-Ros2/install/jackal_helper/share/jackal_helper/worlds/BARN/world_298.world
[15.598s] -- Symlinking: /jackal_ws/src/The-Barn-Challenge-Ros2/install/jackal_helper/share/jackal_helper/worlds/BARN/world_299.world
[15.616s] -- Symlinking: /jackal_ws/src/The-Barn-Challenge-Ros2/install/jackal_helper/share/jackal_helper/worlds/BARN/world_3.world
[15.633s] -- Symlinking: /jackal_ws/src/The-Barn-Challenge-Ros2/install/jackal_helper/share/jackal_helper/worlds/BARN/world_30.world
[15.652s] -- Symlinking: /jackal_ws/src/The-Barn-Challenge-Ros2/install/jackal_helper/share/jackal_helper/worlds/BARN/world_31.world
[15.671s] -- Symlinking: /jackal_ws/src/The-Barn-Challenge-Ros2/install/jackal_helper/share/jackal_helper/worlds/BARN/world_32.world
[15.689s] -- Symlinking: /jackal_ws/src/The-Barn-Challenge-Ros2/install/jackal_helper/share/jackal_helper/worlds/BARN/world_33.world
[15.708s] -- Symlinking: /jackal_ws/src/The-Barn-Challenge-Ros2/install/jackal_helper/share/jackal_helper/worlds/BARN/world_34.world
[15.730s] -- Symlinking: /jackal_ws/src/The-Barn-Challenge-Ros2/install/jackal_helper/share/jackal_helper/worlds/BARN/world_35.world
[15.749s] -- Symlinking: /jackal_ws/src/The-Barn-Challenge-Ros2/install/jackal_helper/share/jackal_helper/worlds/BARN/world_36.world
[15.769s] -- Symlinking: /jackal_ws/src/The-Barn-Challenge-Ros2/install/jackal_helper/share/jackal_helper/worlds/BARN/world_37.world
[15.788s] -- Symlinking: /jackal_ws/src/The-Barn-Challenge-Ros2/install/jackal_helper/share/jackal_helper/worlds/BARN/world_38.world
[15.807s] -- Symlinking: /jackal_ws/src/The-Barn-Challenge-Ros2/install/jackal_helper/share/jackal_helper/worlds/BARN/world_39.world
[15.829s] -- Symlinking: /jackal_ws/src/The-Barn-Challenge-Ros2/install/jackal_helper/share/jackal_helper/worlds/BARN/world_4.world
[15.847s] -- Symlinking: /jackal_ws/src/The-Barn-Challenge-Ros2/install/jackal_helper/share/jackal_helper/worlds/BARN/world_40.world
[15.864s] -- Symlinking: /jackal_ws/src/The-Barn-Challenge-Ros2/install/jackal_helper/share/jackal_helper/worlds/BARN/world_41.world
[15.882s] -- Symlinking: /jackal_ws/src/The-Barn-Challenge-Ros2/install/jackal_helper/share/jackal_helper/worlds/BARN/world_42.world
[15.900s] -- Symlinking: /jackal_ws/src/The-Barn-Challenge-Ros2/install/jackal_helper/share/jackal_helper/worlds/BARN/world_43.world
[15.917s] -- Symlinking: /jackal_ws/src/The-Barn-Challenge-Ros2/install/jackal_helper/share/jackal_helper/worlds/BARN/world_44.world
[15.939s] -- Symlinking: /jackal_ws/src/The-Barn-Challenge-Ros2/install/jackal_helper/share/jackal_helper/worlds/BARN/world_45.world
[15.958s] -- Symlinking: /jackal_ws/src/The-Barn-Challenge-Ros2/install/jackal_helper/share/jackal_helper/worlds/BARN/world_46.world
[15.978s] -- Symlinking: /jackal_ws/src/The-Barn-Challenge-Ros2/install/jackal_helper/share/jackal_helper/worlds/BARN/world_47.world
[15.997s] -- Symlinking: /jackal_ws/src/The-Barn-Challenge-Ros2/install/jackal_helper/share/jackal_helper/worlds/BARN/world_48.world
[16.017s] -- Symlinking: /jackal_ws/src/The-Barn-Challenge-Ros2/install/jackal_helper/share/jackal_helper/worlds/BARN/world_49.world
[16.035s] -- Symlinking: /jackal_ws/src/The-Barn-Challenge-Ros2/install/jackal_helper/share/jackal_helper/worlds/BARN/world_5.world
[16.052s] -- Symlinking: /jackal_ws/src/The-Barn-Challenge-Ros2/install/jackal_helper/share/jackal_helper/worlds/BARN/world_50.world
[16.079s] -- Symlinking: /jackal_ws/src/The-Barn-Challenge-Ros2/install/jackal_helper/share/jackal_helper/worlds/BARN/world_51.world
[16.104s] -- Symlinking: /jackal_ws/src/The-Barn-Challenge-Ros2/install/jackal_helper/share/jackal_helper/worlds/BARN/world_52.world
[16.118s] -- Symlinking: /jackal_ws/src/The-Barn-Challenge-Ros2/install/jackal_helper/share/jackal_helper/worlds/BARN/world_53.world
[16.137s] -- Symlinking: /jackal_ws/src/The-Barn-Challenge-Ros2/install/jackal_helper/share/jackal_helper/worlds/BARN/world_54.world
[16.153s] -- Symlinking: /jackal_ws/src/The-Barn-Challenge-Ros2/install/jackal_helper/share/jackal_helper/worlds/BARN/world_55.world
[16.171s] -- Symlinking: /jackal_ws/src/The-Barn-Challenge-Ros2/install/jackal_helper/share/jackal_helper/worlds/BARN/world_56.world
[16.191s] -- Symlinking: /jackal_ws/src/The-Barn-Challenge-Ros2/install/jackal_helper/share/jackal_helper/worlds/BARN/world_57.world
[16.212s] -- Symlinking: /jackal_ws/src/The-Barn-Challenge-Ros2/install/jackal_helper/share/jackal_helper/worlds/BARN/world_58.world
[16.230s] -- Symlinking: /jackal_ws/src/The-Barn-Challenge-Ros2/install/jackal_helper/share/jackal_helper/worlds/BARN/world_59.world
[16.249s] -- Symlinking: /jackal_ws/src/The-Barn-Challenge-Ros2/install/jackal_helper/share/jackal_helper/worlds/BARN/world_6.world
[16.266s] -- Symlinking: /jackal_ws/src/The-Barn-Challenge-Ros2/install/jackal_helper/share/jackal_helper/worlds/BARN/world_60.world
[16.287s] -- Symlinking: /jackal_ws/src/The-Barn-Challenge-Ros2/install/jackal_helper/share/jackal_helper/worlds/BARN/world_61.world
[16.305s] -- Symlinking: /jackal_ws/src/The-Barn-Challenge-Ros2/install/jackal_helper/share/jackal_helper/worlds/BARN/world_62.world
[16.323s] -- Symlinking: /jackal_ws/src/The-Barn-Challenge-Ros2/install/jackal_helper/share/jackal_helper/worlds/BARN/world_63.world
[16.340s] -- Symlinking: /jackal_ws/src/The-Barn-Challenge-Ros2/install/jackal_helper/share/jackal_helper/worlds/BARN/world_64.world
[16.359s] -- Symlinking: /jackal_ws/src/The-Barn-Challenge-Ros2/install/jackal_helper/share/jackal_helper/worlds/BARN/world_65.world
[16.378s] -- Symlinking: /jackal_ws/src/The-Barn-Challenge-Ros2/install/jackal_helper/share/jackal_helper/worlds/BARN/world_66.world
[16.400s] -- Symlinking: /jackal_ws/src/The-Barn-Challenge-Ros2/install/jackal_helper/share/jackal_helper/worlds/BARN/world_67.world
[16.417s] -- Symlinking: /jackal_ws/src/The-Barn-Challenge-Ros2/install/jackal_helper/share/jackal_helper/worlds/BARN/world_68.world
[16.436s] -- Symlinking: /jackal_ws/src/The-Barn-Challenge-Ros2/install/jackal_helper/share/jackal_helper/worlds/BARN/world_69.world
[16.461s] -- Symlinking: /jackal_ws/src/The-Barn-Challenge-Ros2/install/jackal_helper/share/jackal_helper/worlds/BARN/world_7.world
[16.479s] -- Symlinking: /jackal_ws/src/The-Barn-Challenge-Ros2/install/jackal_helper/share/jackal_helper/worlds/BARN/world_70.world
[16.500s] -- Symlinking: /jackal_ws/src/The-Barn-Challenge-Ros2/install/jackal_helper/share/jackal_helper/worlds/BARN/world_71.world
[16.517s] -- Symlinking: /jackal_ws/src/The-Barn-Challenge-Ros2/install/jackal_helper/share/jackal_helper/worlds/BARN/world_72.world
[16.535s] -- Symlinking: /jackal_ws/src/The-Barn-Challenge-Ros2/install/jackal_helper/share/jackal_helper/worlds/BARN/world_73.world
[16.554s] -- Symlinking: /jackal_ws/src/The-Barn-Challenge-Ros2/install/jackal_helper/share/jackal_helper/worlds/BARN/world_74.world
[16.572s] -- Symlinking: /jackal_ws/src/The-Barn-Challenge-Ros2/install/jackal_helper/share/jackal_helper/worlds/BARN/world_75.world
[16.590s] -- Symlinking: /jackal_ws/src/The-Barn-Challenge-Ros2/install/jackal_helper/share/jackal_helper/worlds/BARN/world_76.world
[16.608s] -- Symlinking: /jackal_ws/src/The-Barn-Challenge-Ros2/install/jackal_helper/share/jackal_helper/worlds/BARN/world_77.world
[16.626s] -- Symlinking: /jackal_ws/src/The-Barn-Challenge-Ros2/install/jackal_helper/share/jackal_helper/worlds/BARN/world_78.world
[16.645s] -- Symlinking: /jackal_ws/src/The-Barn-Challenge-Ros2/install/jackal_helper/share/jackal_helper/worlds/BARN/world_79.world
[16.662s] -- Symlinking: /jackal_ws/src/The-Barn-Challenge-Ros2/install/jackal_helper/share/jackal_helper/worlds/BARN/world_8.world
[16.684s] -- Symlinking: /jackal_ws/src/The-Barn-Challenge-Ros2/install/jackal_helper/share/jackal_helper/worlds/BARN/world_80.world
[16.702s] -- Symlinking: /jackal_ws/src/The-Barn-Challenge-Ros2/install/jackal_helper/share/jackal_helper/worlds/BARN/world_81.world
[16.721s] -- Symlinking: /jackal_ws/src/The-Barn-Challenge-Ros2/install/jackal_helper/share/jackal_helper/worlds/BARN/world_82.world
[16.742s] -- Symlinking: /jackal_ws/src/The-Barn-Challenge-Ros2/install/jackal_helper/share/jackal_helper/worlds/BARN/world_83.world
[16.764s] -- Symlinking: /jackal_ws/src/The-Barn-Challenge-Ros2/install/jackal_helper/share/jackal_helper/worlds/BARN/world_84.world
[16.784s] -- Symlinking: /jackal_ws/src/The-Barn-Challenge-Ros2/install/jackal_helper/share/jackal_helper/worlds/BARN/world_85.world
[16.802s] -- Symlinking: /jackal_ws/src/The-Barn-Challenge-Ros2/install/jackal_helper/share/jackal_helper/worlds/BARN/world_86.world
[16.820s] -- Symlinking: /jackal_ws/src/The-Barn-Challenge-Ros2/install/jackal_helper/share/jackal_helper/worlds/BARN/world_87.world
[16.835s] -- Symlinking: /jackal_ws/src/The-Barn-Challenge-Ros2/install/jackal_helper/share/jackal_helper/worlds/BARN/world_88.world
[16.852s] -- Symlinking: /jackal_ws/src/The-Barn-Challenge-Ros2/install/jackal_helper/share/jackal_helper/worlds/BARN/world_89.world
[16.870s] -- Symlinking: /jackal_ws/src/The-Barn-Challenge-Ros2/install/jackal_helper/share/jackal_helper/worlds/BARN/world_9.world
[16.895s] -- Symlinking: /jackal_ws/src/The-Barn-Challenge-Ros2/install/jackal_helper/share/jackal_helper/worlds/BARN/world_90.world
[16.914s] -- Symlinking: /jackal_ws/src/The-Barn-Challenge-Ros2/install/jackal_helper/share/jackal_helper/worlds/BARN/world_91.world
[16.938s] -- Symlinking: /jackal_ws/src/The-Barn-Challenge-Ros2/install/jackal_helper/share/jackal_helper/worlds/BARN/world_92.world
[16.957s] -- Symlinking: /jackal_ws/src/The-Barn-Challenge-Ros2/install/jackal_helper/share/jackal_helper/worlds/BARN/world_93.world
[16.972s] -- Symlinking: /jackal_ws/src/The-Barn-Challenge-Ros2/install/jackal_helper/share/jackal_helper/worlds/BARN/world_94.world
[16.990s] -- Symlinking: /jackal_ws/src/The-Barn-Challenge-Ros2/install/jackal_helper/share/jackal_helper/worlds/BARN/world_95.world
[17.006s] -- Symlinking: /jackal_ws/src/The-Barn-Challenge-Ros2/install/jackal_helper/share/jackal_helper/worlds/BARN/world_96.world
[17.021s] -- Symlinking: /jackal_ws/src/The-Barn-Challenge-Ros2/install/jackal_helper/share/jackal_helper/worlds/BARN/world_97.world
[17.041s] -- Symlinking: /jackal_ws/src/The-Barn-Challenge-Ros2/install/jackal_helper/share/jackal_helper/worlds/BARN/world_98.world
[17.062s] -- Symlinking: /jackal_ws/src/The-Barn-Challenge-Ros2/install/jackal_helper/share/jackal_helper/worlds/BARN/world_99.world
[17.080s] -- Symlinking: /jackal_ws/src/The-Barn-Challenge-Ros2/install/jackal_helper/share/ament_index/resource_index/package_run_dependencies/jackal_helper
[17.100s] -- Symlinking: /jackal_ws/src/The-Barn-Challenge-Ros2/install/jackal_helper/share/ament_index/resource_index/parent_prefix_path/jackal_helper
[17.116s] -- Symlinking: /jackal_ws/src/The-Barn-Challenge-Ros2/install/jackal_helper/share/jackal_helper/environment/ament_prefix_path.sh
[17.133s] -- Symlinking: /jackal_ws/src/The-Barn-Challenge-Ros2/install/jackal_helper/share/jackal_helper/environment/ament_prefix_path.dsv
[17.152s] -- Symlinking: /jackal_ws/src/The-Barn-Challenge-Ros2/install/jackal_helper/share/jackal_helper/environment/path.sh
[17.169s] -- Symlinking: /jackal_ws/src/The-Barn-Challenge-Ros2/install/jackal_helper/share/jackal_helper/environment/path.dsv
[17.188s] -- Symlinking: /jackal_ws/src/The-Barn-Challenge-Ros2/install/jackal_helper/share/jackal_helper/local_setup.bash
[17.207s] -- Symlinking: /jackal_ws/src/The-Barn-Challenge-Ros2/install/jackal_helper/share/jackal_helper/local_setup.sh
[17.226s] -- Symlinking: /jackal_ws/src/The-Barn-Challenge-Ros2/install/jackal_helper/share/jackal_helper/local_setup.zsh
[17.244s] -- Symlinking: /jackal_ws/src/The-Barn-Challenge-Ros2/install/jackal_helper/share/jackal_helper/local_setup.dsv
[17.262s] -- Symlinking: /jackal_ws/src/The-Barn-Challenge-Ros2/install/jackal_helper/share/jackal_helper/package.dsv
[17.280s] -- Symlinking: /jackal_ws/src/The-Barn-Challenge-Ros2/install/jackal_helper/share/ament_index/resource_index/packages/jackal_helper
[17.300s] -- Symlinking: /jackal_ws/src/The-Barn-Challenge-Ros2/install/jackal_helper/share/jackal_helper/cmake/jackal_helperConfig.cmake
[17.317s] -- Symlinking: /jackal_ws/src/The-Barn-Challenge-Ros2/install/jackal_helper/share/jackal_helper/cmake/jackal_helperConfig-version.cmake
[17.337s] -- Symlinking: /jackal_ws/src/The-Barn-Challenge-Ros2/install/jackal_helper/share/jackal_helper/package.xml
[17.423s] Listing '/jackal_ws/src/The-Barn-Challenge-Ros2/install/jackal_helper/lib/python3.12/site-packages/jackal_helper'...
[17.423s] Compiling '/jackal_ws/src/The-Barn-Challenge-Ros2/install/jackal_helper/lib/python3.12/site-packages/jackal_helper/__init__.py'...
[17.424s] Compiling '/jackal_ws/src/The-Barn-Challenge-Ros2/install/jackal_helper/lib/python3.12/site-packages/jackal_helper/barn_controller.py'...
[17.424s] Compiling '/jackal_ws/src/The-Barn-Challenge-Ros2/install/jackal_helper/lib/python3.12/site-packages/jackal_helper/utils.py'...
[17.437s] Invoked command in '/jackal_ws/src/The-Barn-Challenge-Ros2/build/jackal_helper' returned '0': CMAKE_PREFIX_PATH=${CMAKE_PREFIX_PATH}:/home/boni/turtlebot3_ws/install/turtlebot3_teleop:/home/boni/turtlebot3_ws/install/turtlebot3_example:/opt/ros/jazzy DEBUGINFOD_URLS=https://debuginfod.ubuntu.com VIRTUAL_ENV_PROMPT=(venv-ardupilot) /usr/bin/cmake --install /jackal_ws/src/The-Barn-Challenge-Ros2/build/jackal_helper
