[0.230s] DEBUG:colcon:Command line arguments: ['/usr/bin/colcon', 'build', '--symlink-install']
[0.230s] DEBUG:colcon:Parsed command line arguments: Namespace(log_base=None, log_level=None, verb_name='build', build_base='build', install_base='install', merge_install=False, symlink_install=True, test_result_base=None, continue_on_error=False, executor='parallel', parallel_workers=16, event_handlers=None, ignore_user_meta=False, metas=['./colcon.meta'], base_paths=['.'], packages_ignore=None, packages_ignore_regex=None, paths=None, packages_up_to=None, packages_up_to_regex=None, packages_above=None, packages_above_and_dependencies=None, packages_above_depth=None, packages_select_by_dep=None, packages_skip_by_dep=None, packages_skip_up_to=None, packages_select_build_failed=False, packages_skip_build_finished=False, packages_select_test_failures=False, packages_skip_test_passed=False, packages_select=None, packages_skip=None, packages_select_regex=None, packages_skip_regex=None, packages_start=None, packages_end=None, cmake_args=None, cmake_target=None, cmake_target_skip_unavailable=False, cmake_clean_cache=False, cmake_clean_first=False, cmake_force_configure=False, ament_cmake_args=None, catkin_cmake_args=None, catkin_skip_building_tests=False, mixin_files=None, mixin=None, verb_parser=<colcon_mixin.mixin.mixin_argument.MixinArgumentDecorator object at 0x7576a42f16d0>, verb_extension=<colcon_core.verb.build.BuildVerb object at 0x7576a4439cd0>, main=<bound method BuildVerb.main of <colcon_core.verb.build.BuildVerb object at 0x7576a4439cd0>>, mixin_verb=('build',))
[0.360s] Level 1:colcon.colcon_core.package_discovery:discover_packages(colcon_meta) check parameters
[0.361s] Level 1:colcon.colcon_core.package_discovery:discover_packages(recursive) check parameters
[0.361s] Level 1:colcon.colcon_core.package_discovery:discover_packages(ignore) check parameters
[0.361s] Level 1:colcon.colcon_core.package_discovery:discover_packages(path) check parameters
[0.361s] Level 1:colcon.colcon_core.package_discovery:discover_packages(colcon_meta) discover
[0.361s] Level 1:colcon.colcon_core.package_discovery:discover_packages(recursive) discover
[0.361s] INFO:colcon.colcon_core.package_discovery:Crawling recursively for packages in '/jackal_ws/src/The-Barn-Challenge-Ros2'
[0.361s] Level 1:colcon.colcon_core.package_identification:_identify(.) by extensions ['ignore', 'ignore_ament_install']
[0.361s] Level 1:colcon.colcon_core.package_identification:_identify(.) by extension 'ignore'
[0.361s] Level 1:colcon.colcon_core.package_identification:_identify(.) by extension 'ignore_ament_install'
[0.361s] Level 1:colcon.colcon_core.package_identification:_identify(.) by extensions ['colcon_pkg']
[0.361s] Level 1:colcon.colcon_core.package_identification:_identify(.) by extension 'colcon_pkg'
[0.361s] Level 1:colcon.colcon_core.package_identification:_identify(.) by extensions ['colcon_meta']
[0.361s] Level 1:colcon.colcon_core.package_identification:_identify(.) by extension 'colcon_meta'
[0.361s] Level 1:colcon.colcon_core.package_identification:_identify(.) by extensions ['ros']
[0.361s] Level 1:colcon.colcon_core.package_identification:_identify(.) by extension 'ros'
[0.406s] Level 1:colcon.colcon_core.package_identification:_identify(.) by extensions ['cmake', 'python']
[0.406s] Level 1:colcon.colcon_core.package_identification:_identify(.) by extension 'cmake'
[0.407s] Level 1:colcon.colcon_core.package_identification:_identify(.) by extension 'python'
[0.407s] Level 1:colcon.colcon_core.package_identification:_identify(.) by extensions ['python_setup_py']
[0.407s] Level 1:colcon.colcon_core.package_identification:_identify(.) by extension 'python_setup_py'
[0.407s] Level 1:colcon.colcon_core.package_identification:_identify(build) by extensions ['ignore', 'ignore_ament_install']
[0.407s] Level 1:colcon.colcon_core.package_identification:_identify(build) by extension 'ignore'
[0.407s] Level 1:colcon.colcon_core.package_identification:_identify(build) ignored
[0.407s] Level 1:colcon.colcon_core.package_identification:_identify(install) by extensions ['ignore', 'ignore_ament_install']
[0.407s] Level 1:colcon.colcon_core.package_identification:_identify(install) by extension 'ignore'
[0.407s] Level 1:colcon.colcon_core.package_identification:_identify(install) ignored
[0.408s] Level 1:colcon.colcon_core.package_identification:_identify(jackal_helper) by extensions ['ignore', 'ignore_ament_install']
[0.408s] Level 1:colcon.colcon_core.package_identification:_identify(jackal_helper) by extension 'ignore'
[0.408s] Level 1:colcon.colcon_core.package_identification:_identify(jackal_helper) by extension 'ignore_ament_install'
[0.408s] Level 1:colcon.colcon_core.package_identification:_identify(jackal_helper) by extensions ['colcon_pkg']
[0.408s] Level 1:colcon.colcon_core.package_identification:_identify(jackal_helper) by extension 'colcon_pkg'
[0.408s] Level 1:colcon.colcon_core.package_identification:_identify(jackal_helper) by extensions ['colcon_meta']
[0.408s] Level 1:colcon.colcon_core.package_identification:_identify(jackal_helper) by extension 'colcon_meta'
[0.408s] Level 1:colcon.colcon_core.package_identification:_identify(jackal_helper) by extensions ['ros']
[0.408s] Level 1:colcon.colcon_core.package_identification:_identify(jackal_helper) by extension 'ros'
[0.414s] DEBUG:colcon.colcon_core.package_identification:Package 'jackal_helper' with type 'ros.ament_cmake' and name 'jackal_helper'
[0.415s] Level 1:colcon.colcon_core.package_identification:_identify(log) by extensions ['ignore', 'ignore_ament_install']
[0.415s] Level 1:colcon.colcon_core.package_identification:_identify(log) by extension 'ignore'
[0.415s] Level 1:colcon.colcon_core.package_identification:_identify(log) ignored
[0.415s] Level 1:colcon.colcon_core.package_identification:_identify(res) by extensions ['ignore', 'ignore_ament_install']
[0.415s] Level 1:colcon.colcon_core.package_identification:_identify(res) by extension 'ignore'
[0.415s] Level 1:colcon.colcon_core.package_identification:_identify(res) by extension 'ignore_ament_install'
[0.415s] Level 1:colcon.colcon_core.package_identification:_identify(res) by extensions ['colcon_pkg']
[0.415s] Level 1:colcon.colcon_core.package_identification:_identify(res) by extension 'colcon_pkg'
[0.415s] Level 1:colcon.colcon_core.package_identification:_identify(res) by extensions ['colcon_meta']
[0.415s] Level 1:colcon.colcon_core.package_identification:_identify(res) by extension 'colcon_meta'
[0.415s] Level 1:colcon.colcon_core.package_identification:_identify(res) by extensions ['ros']
[0.415s] Level 1:colcon.colcon_core.package_identification:_identify(res) by extension 'ros'
[0.415s] Level 1:colcon.colcon_core.package_identification:_identify(res) by extensions ['cmake', 'python']
[0.415s] Level 1:colcon.colcon_core.package_identification:_identify(res) by extension 'cmake'
[0.415s] Level 1:colcon.colcon_core.package_identification:_identify(res) by extension 'python'
[0.416s] Level 1:colcon.colcon_core.package_identification:_identify(res) by extensions ['python_setup_py']
[0.416s] Level 1:colcon.colcon_core.package_identification:_identify(res) by extension 'python_setup_py'
[0.416s] Level 1:colcon.colcon_core.package_discovery:discover_packages(recursive) using defaults
[0.416s] Level 1:colcon.colcon_core.package_discovery:discover_packages(ignore) discover
[0.416s] Level 1:colcon.colcon_core.package_discovery:discover_packages(ignore) using defaults
[0.416s] Level 1:colcon.colcon_core.package_discovery:discover_packages(path) discover
[0.416s] Level 1:colcon.colcon_core.package_discovery:discover_packages(path) using defaults
[0.467s] Level 5:colcon.colcon_core.verb:set package 'jackal_helper' build argument 'cmake_args' from command line to 'None'
[0.468s] Level 5:colcon.colcon_core.verb:set package 'jackal_helper' build argument 'cmake_target' from command line to 'None'
[0.468s] Level 5:colcon.colcon_core.verb:set package 'jackal_helper' build argument 'cmake_target_skip_unavailable' from command line to 'False'
[0.468s] Level 5:colcon.colcon_core.verb:set package 'jackal_helper' build argument 'cmake_clean_cache' from command line to 'False'
[0.468s] Level 5:colcon.colcon_core.verb:set package 'jackal_helper' build argument 'cmake_clean_first' from command line to 'False'
[0.468s] Level 5:colcon.colcon_core.verb:set package 'jackal_helper' build argument 'cmake_force_configure' from command line to 'False'
[0.468s] Level 5:colcon.colcon_core.verb:set package 'jackal_helper' build argument 'ament_cmake_args' from command line to 'None'
[0.468s] Level 5:colcon.colcon_core.verb:set package 'jackal_helper' build argument 'catkin_cmake_args' from command line to 'None'
[0.468s] Level 5:colcon.colcon_core.verb:set package 'jackal_helper' build argument 'catkin_skip_building_tests' from command line to 'False'
[0.468s] DEBUG:colcon.colcon_core.verb:Building package 'jackal_helper' with the following arguments: {'ament_cmake_args': None, 'build_base': '/jackal_ws/src/The-Barn-Challenge-Ros2/build/jackal_helper', 'catkin_cmake_args': None, 'catkin_skip_building_tests': False, 'cmake_args': None, 'cmake_clean_cache': False, 'cmake_clean_first': False, 'cmake_force_configure': False, 'cmake_target': None, 'cmake_target_skip_unavailable': False, 'install_base': '/jackal_ws/src/The-Barn-Challenge-Ros2/install/jackal_helper', 'merge_install': False, 'path': '/jackal_ws/src/The-Barn-Challenge-Ros2/jackal_helper', 'symlink_install': True, 'test_result_base': None}
[0.468s] INFO:colcon.colcon_core.executor:Executing jobs using 'parallel' executor
[0.469s] DEBUG:colcon.colcon_parallel_executor.executor.parallel:run_until_complete
[0.470s] INFO:colcon.colcon_ros.task.ament_cmake.build:Building ROS package in '/jackal_ws/src/The-Barn-Challenge-Ros2/jackal_helper' with build type 'ament_cmake'
[0.470s] INFO:colcon.colcon_cmake.task.cmake.build:Building CMake package in '/jackal_ws/src/The-Barn-Challenge-Ros2/jackal_helper'
[0.477s] INFO:colcon.colcon_core.plugin_system:Skipping extension 'colcon_core.shell.bat': Not used on non-Windows systems
[0.478s] INFO:colcon.colcon_core.shell:Skip shell extension 'powershell' for command environment: Not usable outside of PowerShell
[0.478s] DEBUG:colcon.colcon_core.shell:Skip shell extension 'dsv' for command environment
[0.503s] DEBUG:colcon.colcon_core.event_handler.log_command:Invoking command in '/jackal_ws/src/The-Barn-Challenge-Ros2/build/jackal_helper': CMAKE_PREFIX_PATH=${CMAKE_PREFIX_PATH}:/home/boni/turtlebot3_ws/install/turtlebot3_teleop:/home/boni/turtlebot3_ws/install/turtlebot3_example:/opt/ros/jazzy DEBUGINFOD_URLS=https://debuginfod.ubuntu.com VIRTUAL_ENV_PROMPT=(venv-ardupilot) /usr/bin/cmake /jackal_ws/src/The-Barn-Challenge-Ros2/jackal_helper -DAMENT_CMAKE_SYMLINK_INSTALL=1 -DCMAKE_INSTALL_PREFIX=/jackal_ws/src/The-Barn-Challenge-Ros2/install/jackal_helper
[4.597s] DEBUG:colcon.colcon_core.event_handler.log_command:Invoked command in '/jackal_ws/src/The-Barn-Challenge-Ros2/build/jackal_helper' returned '0': CMAKE_PREFIX_PATH=${CMAKE_PREFIX_PATH}:/home/boni/turtlebot3_ws/install/turtlebot3_teleop:/home/boni/turtlebot3_ws/install/turtlebot3_example:/opt/ros/jazzy DEBUGINFOD_URLS=https://debuginfod.ubuntu.com VIRTUAL_ENV_PROMPT=(venv-ardupilot) /usr/bin/cmake /jackal_ws/src/The-Barn-Challenge-Ros2/jackal_helper -DAMENT_CMAKE_SYMLINK_INSTALL=1 -DCMAKE_INSTALL_PREFIX=/jackal_ws/src/The-Barn-Challenge-Ros2/install/jackal_helper
[4.599s] DEBUG:colcon.colcon_core.event_handler.log_command:Invoking command in '/jackal_ws/src/The-Barn-Challenge-Ros2/build/jackal_helper': CMAKE_PREFIX_PATH=${CMAKE_PREFIX_PATH}:/home/boni/turtlebot3_ws/install/turtlebot3_teleop:/home/boni/turtlebot3_ws/install/turtlebot3_example:/opt/ros/jazzy DEBUGINFOD_URLS=https://debuginfod.ubuntu.com VIRTUAL_ENV_PROMPT=(venv-ardupilot) /usr/bin/cmake --build /jackal_ws/src/The-Barn-Challenge-Ros2/build/jackal_helper -- -j16 -l16
[5.346s] DEBUG:colcon.colcon_core.event_handler.log_command:Invoked command in '/jackal_ws/src/The-Barn-Challenge-Ros2/build/jackal_helper' returned '0': CMAKE_PREFIX_PATH=${CMAKE_PREFIX_PATH}:/home/boni/turtlebot3_ws/install/turtlebot3_teleop:/home/boni/turtlebot3_ws/install/turtlebot3_example:/opt/ros/jazzy DEBUGINFOD_URLS=https://debuginfod.ubuntu.com VIRTUAL_ENV_PROMPT=(venv-ardupilot) /usr/bin/cmake --build /jackal_ws/src/The-Barn-Challenge-Ros2/build/jackal_helper -- -j16 -l16
[5.367s] DEBUG:colcon.colcon_core.event_handler.log_command:Invoking command in '/jackal_ws/src/The-Barn-Challenge-Ros2/build/jackal_helper': CMAKE_PREFIX_PATH=${CMAKE_PREFIX_PATH}:/home/boni/turtlebot3_ws/install/turtlebot3_teleop:/home/boni/turtlebot3_ws/install/turtlebot3_example:/opt/ros/jazzy DEBUGINFOD_URLS=https://debuginfod.ubuntu.com VIRTUAL_ENV_PROMPT=(venv-ardupilot) /usr/bin/cmake --install /jackal_ws/src/The-Barn-Challenge-Ros2/build/jackal_helper
[17.908s] Level 1:colcon.colcon_core.environment:create_environment_scripts_only(jackal_helper)
[17.909s] DEBUG:colcon.colcon_core.event_handler.log_command:Invoked command in '/jackal_ws/src/The-Barn-Challenge-Ros2/build/jackal_helper' returned '0': CMAKE_PREFIX_PATH=${CMAKE_PREFIX_PATH}:/home/boni/turtlebot3_ws/install/turtlebot3_teleop:/home/boni/turtlebot3_ws/install/turtlebot3_example:/opt/ros/jazzy DEBUGINFOD_URLS=https://debuginfod.ubuntu.com VIRTUAL_ENV_PROMPT=(venv-ardupilot) /usr/bin/cmake --install /jackal_ws/src/The-Barn-Challenge-Ros2/build/jackal_helper
[17.916s] Level 1:colcon.colcon_core.environment:checking '/jackal_ws/src/The-Barn-Challenge-Ros2/install/jackal_helper' for CMake module files
[17.917s] Level 1:colcon.colcon_core.environment:checking '/jackal_ws/src/The-Barn-Challenge-Ros2/install/jackal_helper' for CMake config files
[17.918s] Level 1:colcon.colcon_core.shell:create_environment_hook('jackal_helper', 'cmake_prefix_path')
[17.918s] INFO:colcon.colcon_core.shell:Creating environment hook '/jackal_ws/src/The-Barn-Challenge-Ros2/install/jackal_helper/share/jackal_helper/hook/cmake_prefix_path.ps1'
[17.920s] INFO:colcon.colcon_core.shell:Creating environment descriptor '/jackal_ws/src/The-Barn-Challenge-Ros2/install/jackal_helper/share/jackal_helper/hook/cmake_prefix_path.dsv'
[17.921s] INFO:colcon.colcon_core.shell:Creating environment hook '/jackal_ws/src/The-Barn-Challenge-Ros2/install/jackal_helper/share/jackal_helper/hook/cmake_prefix_path.sh'
[17.923s] Level 1:colcon.colcon_core.environment:checking '/jackal_ws/src/The-Barn-Challenge-Ros2/install/jackal_helper/lib'
[17.923s] Level 1:colcon.colcon_core.environment:checking '/jackal_ws/src/The-Barn-Challenge-Ros2/install/jackal_helper/bin'
[17.923s] Level 1:colcon.colcon_core.environment:checking '/jackal_ws/src/The-Barn-Challenge-Ros2/install/jackal_helper/lib/pkgconfig/jackal_helper.pc'
[17.926s] Level 1:colcon.colcon_core.environment:checking '/jackal_ws/src/The-Barn-Challenge-Ros2/install/jackal_helper/lib/python3.12/site-packages'
[17.927s] Level 1:colcon.colcon_core.shell:create_environment_hook('jackal_helper', 'pythonpath')
[17.927s] INFO:colcon.colcon_core.shell:Creating environment hook '/jackal_ws/src/The-Barn-Challenge-Ros2/install/jackal_helper/share/jackal_helper/hook/pythonpath.ps1'
[17.927s] INFO:colcon.colcon_core.shell:Creating environment descriptor '/jackal_ws/src/The-Barn-Challenge-Ros2/install/jackal_helper/share/jackal_helper/hook/pythonpath.dsv'
[17.928s] INFO:colcon.colcon_core.shell:Creating environment hook '/jackal_ws/src/The-Barn-Challenge-Ros2/install/jackal_helper/share/jackal_helper/hook/pythonpath.sh'
[17.928s] Level 1:colcon.colcon_core.environment:checking '/jackal_ws/src/The-Barn-Challenge-Ros2/install/jackal_helper/bin'
[17.929s] INFO:colcon.colcon_core.shell:Creating package script '/jackal_ws/src/The-Barn-Challenge-Ros2/install/jackal_helper/share/jackal_helper/package.ps1'
[17.929s] INFO:colcon.colcon_core.shell:Creating package descriptor '/jackal_ws/src/The-Barn-Challenge-Ros2/install/jackal_helper/share/jackal_helper/package.dsv'
[17.930s] INFO:colcon.colcon_core.shell:Creating package script '/jackal_ws/src/The-Barn-Challenge-Ros2/install/jackal_helper/share/jackal_helper/package.sh'
[17.931s] INFO:colcon.colcon_core.shell:Creating package script '/jackal_ws/src/The-Barn-Challenge-Ros2/install/jackal_helper/share/jackal_helper/package.bash'
[17.933s] INFO:colcon.colcon_core.shell:Creating package script '/jackal_ws/src/The-Barn-Challenge-Ros2/install/jackal_helper/share/jackal_helper/package.zsh'
[17.934s] Level 1:colcon.colcon_core.environment:create_file_with_runtime_dependencies(/jackal_ws/src/The-Barn-Challenge-Ros2/install/jackal_helper/share/colcon-core/packages/jackal_helper)
[17.935s] Level 1:colcon.colcon_core.environment:create_environment_scripts_only(jackal_helper)
[17.936s] Level 1:colcon.colcon_core.environment:checking '/jackal_ws/src/The-Barn-Challenge-Ros2/install/jackal_helper' for CMake module files
[17.937s] Level 1:colcon.colcon_core.environment:checking '/jackal_ws/src/The-Barn-Challenge-Ros2/install/jackal_helper' for CMake config files
[17.938s] Level 1:colcon.colcon_core.shell:create_environment_hook('jackal_helper', 'cmake_prefix_path')
[17.938s] INFO:colcon.colcon_core.shell:Creating environment hook '/jackal_ws/src/The-Barn-Challenge-Ros2/install/jackal_helper/share/jackal_helper/hook/cmake_prefix_path.ps1'
[17.939s] INFO:colcon.colcon_core.shell:Creating environment descriptor '/jackal_ws/src/The-Barn-Challenge-Ros2/install/jackal_helper/share/jackal_helper/hook/cmake_prefix_path.dsv'
[17.939s] INFO:colcon.colcon_core.shell:Creating environment hook '/jackal_ws/src/The-Barn-Challenge-Ros2/install/jackal_helper/share/jackal_helper/hook/cmake_prefix_path.sh'
[17.940s] Level 1:colcon.colcon_core.environment:checking '/jackal_ws/src/The-Barn-Challenge-Ros2/install/jackal_helper/lib'
[17.940s] Level 1:colcon.colcon_core.environment:checking '/jackal_ws/src/The-Barn-Challenge-Ros2/install/jackal_helper/bin'
[17.940s] Level 1:colcon.colcon_core.environment:checking '/jackal_ws/src/The-Barn-Challenge-Ros2/install/jackal_helper/lib/pkgconfig/jackal_helper.pc'
[17.941s] Level 1:colcon.colcon_core.environment:checking '/jackal_ws/src/The-Barn-Challenge-Ros2/install/jackal_helper/lib/python3.12/site-packages'
[17.941s] Level 1:colcon.colcon_core.shell:create_environment_hook('jackal_helper', 'pythonpath')
[17.941s] INFO:colcon.colcon_core.shell:Creating environment hook '/jackal_ws/src/The-Barn-Challenge-Ros2/install/jackal_helper/share/jackal_helper/hook/pythonpath.ps1'
[17.942s] INFO:colcon.colcon_core.shell:Creating environment descriptor '/jackal_ws/src/The-Barn-Challenge-Ros2/install/jackal_helper/share/jackal_helper/hook/pythonpath.dsv'
[17.942s] INFO:colcon.colcon_core.shell:Creating environment hook '/jackal_ws/src/The-Barn-Challenge-Ros2/install/jackal_helper/share/jackal_helper/hook/pythonpath.sh'
[17.943s] Level 1:colcon.colcon_core.environment:checking '/jackal_ws/src/The-Barn-Challenge-Ros2/install/jackal_helper/bin'
[17.943s] INFO:colcon.colcon_core.shell:Creating package script '/jackal_ws/src/The-Barn-Challenge-Ros2/install/jackal_helper/share/jackal_helper/package.ps1'
[17.944s] INFO:colcon.colcon_core.shell:Creating package descriptor '/jackal_ws/src/The-Barn-Challenge-Ros2/install/jackal_helper/share/jackal_helper/package.dsv'
[17.944s] INFO:colcon.colcon_core.shell:Creating package script '/jackal_ws/src/The-Barn-Challenge-Ros2/install/jackal_helper/share/jackal_helper/package.sh'
[17.945s] INFO:colcon.colcon_core.shell:Creating package script '/jackal_ws/src/The-Barn-Challenge-Ros2/install/jackal_helper/share/jackal_helper/package.bash'
[17.946s] INFO:colcon.colcon_core.shell:Creating package script '/jackal_ws/src/The-Barn-Challenge-Ros2/install/jackal_helper/share/jackal_helper/package.zsh'
[17.946s] Level 1:colcon.colcon_core.environment:create_file_with_runtime_dependencies(/jackal_ws/src/The-Barn-Challenge-Ros2/install/jackal_helper/share/colcon-core/packages/jackal_helper)
[17.947s] DEBUG:colcon.colcon_parallel_executor.executor.parallel:closing loop
[17.947s] DEBUG:colcon.colcon_parallel_executor.executor.parallel:loop closed
[17.947s] DEBUG:colcon.colcon_parallel_executor.executor.parallel:run_until_complete finished with '0'
[17.947s] DEBUG:colcon.colcon_core.event_reactor:joining thread
[17.966s] INFO:colcon.colcon_core.plugin_system:Skipping extension 'colcon_notification.desktop_notification.notify_send': Could not find 'notify-send'
[17.966s] INFO:colcon.colcon_core.plugin_system:Skipping extension 'colcon_notification.desktop_notification.terminal_notifier': Not used on non-Darwin systems
[17.967s] INFO:colcon.colcon_core.plugin_system:Skipping extension 'colcon_notification.desktop_notification.win32': Not used on non-Windows systems
[17.967s] INFO:colcon.colcon_notification.desktop_notification:Sending desktop notification using 'notify2'
[17.967s] DEBUG:colcon.colcon_notification.desktop_notification.notify2:Failed to initialize notify2: org.freedesktop.DBus.Error.FileNotFound: Failed to connect to socket /run/user/1000/bus: No such file or directory
[17.967s] DEBUG:colcon.colcon_core.event_reactor:joined thread
[17.967s] INFO:colcon.colcon_core.shell:Creating prefix script '/jackal_ws/src/The-Barn-Challenge-Ros2/install/local_setup.ps1'
[17.970s] INFO:colcon.colcon_core.shell:Creating prefix util module '/jackal_ws/src/The-Barn-Challenge-Ros2/install/_local_setup_util_ps1.py'
[17.972s] INFO:colcon.colcon_core.shell:Creating prefix chain script '/jackal_ws/src/The-Barn-Challenge-Ros2/install/setup.ps1'
[17.976s] INFO:colcon.colcon_core.shell:Creating prefix script '/jackal_ws/src/The-Barn-Challenge-Ros2/install/local_setup.sh'
[17.977s] INFO:colcon.colcon_core.shell:Creating prefix util module '/jackal_ws/src/The-Barn-Challenge-Ros2/install/_local_setup_util_sh.py'
[17.979s] INFO:colcon.colcon_core.shell:Creating prefix chain script '/jackal_ws/src/The-Barn-Challenge-Ros2/install/setup.sh'
[17.981s] INFO:colcon.colcon_core.shell:Creating prefix script '/jackal_ws/src/The-Barn-Challenge-Ros2/install/local_setup.bash'
[17.983s] INFO:colcon.colcon_core.shell:Creating prefix chain script '/jackal_ws/src/The-Barn-Challenge-Ros2/install/setup.bash'
[17.986s] INFO:colcon.colcon_core.shell:Creating prefix script '/jackal_ws/src/The-Barn-Challenge-Ros2/install/local_setup.zsh'
[17.988s] INFO:colcon.colcon_core.shell:Creating prefix chain script '/jackal_ws/src/The-Barn-Challenge-Ros2/install/setup.zsh'
